2024-06-10 22:16:21,805:INFO - django.utils.autoreload autoreload.py (line 668. Watching for file changes with StatReloader)
2024-06-10 22:16:59,161:INFO - django.utils.autoreload autoreload.py (line 266. /app/apps/playlists/admin.py changed, reloading.)
2024-06-10 22:17:05,982:INFO - django.utils.autoreload autoreload.py (line 668. Watching for file changes with StatReloader)
2024-06-10 22:17:18,868:INFO - django.utils.autoreload autoreload.py (line 266. /app/apps/playlists/views.py changed, reloading.)
2024-06-10 22:17:23,056:INFO - django.utils.autoreload autoreload.py (line 668. Watching for file changes with StatReloader)
2024-06-10 22:17:46,793:INFO - django.utils.autoreload autoreload.py (line 266. /app/apps/playlists/views.py changed, reloading.)
2024-06-10 22:17:51,352:INFO - django.utils.autoreload autoreload.py (line 668. Watching for file changes with StatReloader)
2024-06-10 22:18:00,116:INFO - django.utils.autoreload autoreload.py (line 266. /app/apps/playlists/views.py changed, reloading.)
2024-06-10 22:18:04,511:INFO - django.utils.autoreload autoreload.py (line 668. Watching for file changes with StatReloader)
2024-06-10 22:18:34,146:INFO - django.utils.autoreload autoreload.py (line 266. /app/apps/playlists/urls.py changed, reloading.)
2024-06-10 22:18:38,806:INFO - django.utils.autoreload autoreload.py (line 668. Watching for file changes with StatReloader)
2024-06-10 22:19:29,490:INFO - django.utils.autoreload autoreload.py (line 266. /app/apps/playlists/models.py changed, reloading.)
2024-06-10 22:19:36,348:INFO - django.utils.autoreload autoreload.py (line 668. Watching for file changes with StatReloader)
2024-06-10 22:19:44,523:INFO - django.utils.autoreload autoreload.py (line 266. /app/apps/playlists/__init__.py changed, reloading.)
2024-06-10 22:19:49,327:INFO - django.utils.autoreload autoreload.py (line 668. Watching for file changes with StatReloader)
2024-06-10 22:20:17,369:INFO - django.utils.autoreload autoreload.py (line 266. /app/apps/playlists/admin.py changed, reloading.)
2024-06-10 22:20:22,967:INFO - django.utils.autoreload autoreload.py (line 668. Watching for file changes with StatReloader)
2024-06-10 22:20:37,900:INFO - django.utils.autoreload autoreload.py (line 266. /app/apps/playlists/admin.py changed, reloading.)
2024-06-10 22:20:44,211:INFO - django.utils.autoreload autoreload.py (line 668. Watching for file changes with StatReloader)
2024-06-10 22:21:03,755:INFO - django.utils.autoreload autoreload.py (line 266. /app/apps/playlists/models.py changed, reloading.)
2024-06-10 22:21:12,042:INFO - django.utils.autoreload autoreload.py (line 668. Watching for file changes with StatReloader)
2024-06-10 22:21:38,071:INFO - django.utils.autoreload autoreload.py (line 266. /app/apps/playlists/admin.py changed, reloading.)
2024-06-10 22:21:42,935:INFO - django.utils.autoreload autoreload.py (line 668. Watching for file changes with StatReloader)
2024-06-10 22:22:35,209:INFO - django.utils.autoreload autoreload.py (line 266. /app/apps/playlists/__init__.py changed, reloading.)
2024-06-10 22:22:39,219:INFO - django.utils.autoreload autoreload.py (line 668. Watching for file changes with StatReloader)
2024-06-10 22:23:17,581:INFO - django.utils.autoreload autoreload.py (line 266. /app/apps/playlists/admin.py changed, reloading.)
2024-06-10 22:23:21,815:INFO - django.utils.autoreload autoreload.py (line 668. Watching for file changes with StatReloader)
2024-06-10 22:24:07,252:INFO - django.utils.autoreload autoreload.py (line 266. /app/apps/playlists/admin.py changed, reloading.)
2024-06-10 22:24:16,057:INFO - django.utils.autoreload autoreload.py (line 668. Watching for file changes with StatReloader)
2024-06-10 22:38:57,910:INFO - django.utils.autoreload autoreload.py (line 266. /app/apps/playlists/views.py changed, reloading.)
2024-06-10 22:39:07,574:INFO - django.utils.autoreload autoreload.py (line 668. Watching for file changes with StatReloader)
2024-06-10 22:39:16,790:INFO - django.utils.autoreload autoreload.py (line 266. /app/apps/playlists/views.py changed, reloading.)
2024-06-10 22:39:23,512:INFO - django.utils.autoreload autoreload.py (line 668. Watching for file changes with StatReloader)
2024-06-10 22:42:47,075:INFO - django.utils.autoreload autoreload.py (line 266. /app/apps/playlists/views.py changed, reloading.)
2024-06-10 22:42:52,347:INFO - django.utils.autoreload autoreload.py (line 668. Watching for file changes with StatReloader)
2024-06-10 22:43:05,557:INFO - django.utils.autoreload autoreload.py (line 266. /app/apps/playlists/views.py changed, reloading.)
2024-06-10 22:43:11,732:INFO - django.utils.autoreload autoreload.py (line 668. Watching for file changes with StatReloader)
2024-06-10 22:43:20,545:INFO - django.utils.autoreload autoreload.py (line 266. /app/apps/playlists/views.py changed, reloading.)
2024-06-10 22:43:24,589:INFO - django.utils.autoreload autoreload.py (line 668. Watching for file changes with StatReloader)
2024-06-10 22:44:57,140:INFO - django.utils.autoreload autoreload.py (line 266. /app/apps/playlists/views.py changed, reloading.)
2024-06-10 22:45:01,666:INFO - django.utils.autoreload autoreload.py (line 668. Watching for file changes with StatReloader)
2024-06-10 22:45:08,439:INFO - django.utils.autoreload autoreload.py (line 266. /app/apps/playlists/views.py changed, reloading.)
2024-06-10 22:45:13,739:INFO - django.utils.autoreload autoreload.py (line 668. Watching for file changes with StatReloader)
2024-06-10 22:45:19,075:INFO - django.utils.autoreload autoreload.py (line 266. /app/apps/playlists/views.py changed, reloading.)
2024-06-10 22:45:24,083:INFO - django.utils.autoreload autoreload.py (line 668. Watching for file changes with StatReloader)
2024-06-10 22:45:32,775:INFO - django.utils.autoreload autoreload.py (line 266. /app/apps/playlists/views.py changed, reloading.)
2024-06-10 22:45:37,028:INFO - django.utils.autoreload autoreload.py (line 668. Watching for file changes with StatReloader)
2024-06-10 22:47:08,251:INFO - django.utils.autoreload autoreload.py (line 266. /app/apps/playlists/views.py changed, reloading.)
2024-06-10 22:47:13,029:INFO - django.utils.autoreload autoreload.py (line 668. Watching for file changes with StatReloader)
2024-06-10 22:49:07,451:INFO - django.utils.autoreload autoreload.py (line 266. /app/apps/playlists/views.py changed, reloading.)
2024-06-10 22:49:12,255:INFO - django.utils.autoreload autoreload.py (line 668. Watching for file changes with StatReloader)
2024-06-10 22:53:18,123:INFO - django.utils.autoreload autoreload.py (line 266. /app/apps/playlists/views.py changed, reloading.)
2024-06-10 22:53:22,550:INFO - django.utils.autoreload autoreload.py (line 668. Watching for file changes with StatReloader)
2024-06-10 22:53:30,767:INFO - django.utils.autoreload autoreload.py (line 266. /app/apps/playlists/views.py changed, reloading.)
2024-06-10 22:53:36,171:INFO - django.utils.autoreload autoreload.py (line 668. Watching for file changes with StatReloader)
2024-06-10 22:55:19,344:INFO - django.utils.autoreload autoreload.py (line 266. /app/apps/playlists/views.py changed, reloading.)
2024-06-10 22:55:25,061:INFO - django.utils.autoreload autoreload.py (line 668. Watching for file changes with StatReloader)
2024-06-10 22:56:11,387:INFO - django.utils.autoreload autoreload.py (line 266. /app/apps/playlists/views.py changed, reloading.)
2024-06-10 22:56:16,209:INFO - django.utils.autoreload autoreload.py (line 668. Watching for file changes with StatReloader)
2024-06-10 22:56:23,278:INFO - django.utils.autoreload autoreload.py (line 266. /app/apps/playlists/views.py changed, reloading.)
2024-06-10 22:56:27,694:INFO - django.utils.autoreload autoreload.py (line 668. Watching for file changes with StatReloader)
2024-06-10 22:56:45,767:INFO - django.utils.autoreload autoreload.py (line 266. /app/apps/playlists/views.py changed, reloading.)
2024-06-10 22:56:51,048:INFO - django.utils.autoreload autoreload.py (line 668. Watching for file changes with StatReloader)
2024-06-10 22:57:35,806:INFO - django.utils.autoreload autoreload.py (line 266. /app/apps/playlists/views.py changed, reloading.)
2024-06-10 22:57:42,850:INFO - django.utils.autoreload autoreload.py (line 668. Watching for file changes with StatReloader)
2024-06-10 22:57:53,163:INFO - django.utils.autoreload autoreload.py (line 266. /app/apps/playlists/views.py changed, reloading.)
2024-06-10 22:57:57,950:INFO - django.utils.autoreload autoreload.py (line 668. Watching for file changes with StatReloader)
2024-06-10 22:58:04,597:INFO - django.utils.autoreload autoreload.py (line 266. /app/apps/playlists/views.py changed, reloading.)
2024-06-10 22:58:09,535:INFO - django.utils.autoreload autoreload.py (line 668. Watching for file changes with StatReloader)
2024-06-10 22:58:45,960:INFO - django.utils.autoreload autoreload.py (line 266. /app/apps/playlists/views.py changed, reloading.)
2024-06-10 22:58:50,376:INFO - django.utils.autoreload autoreload.py (line 668. Watching for file changes with StatReloader)
2024-06-10 22:59:11,615:INFO - django.utils.autoreload autoreload.py (line 266. /app/apps/playlists/views.py changed, reloading.)
2024-06-10 22:59:15,922:INFO - django.utils.autoreload autoreload.py (line 668. Watching for file changes with StatReloader)
2024-06-10 22:59:33,903:INFO - django.utils.autoreload autoreload.py (line 266. /app/apps/playlists/views.py changed, reloading.)
2024-06-10 22:59:38,680:INFO - django.utils.autoreload autoreload.py (line 668. Watching for file changes with StatReloader)
2024-06-10 22:59:57,468:INFO - django.utils.autoreload autoreload.py (line 266. /app/apps/playlists/views.py changed, reloading.)
2024-06-10 23:00:04,995:INFO - django.utils.autoreload autoreload.py (line 668. Watching for file changes with StatReloader)
2024-06-10 23:02:44,846:INFO - django.utils.autoreload autoreload.py (line 266. /app/apps/playlists/views.py changed, reloading.)
2024-06-10 23:02:49,761:INFO - django.utils.autoreload autoreload.py (line 668. Watching for file changes with StatReloader)
2024-06-10 23:03:01,991:INFO - django.utils.autoreload autoreload.py (line 266. /app/apps/playlists/views.py changed, reloading.)
2024-06-10 23:03:06,523:INFO - django.utils.autoreload autoreload.py (line 668. Watching for file changes with StatReloader)
2024-06-10 23:03:12,832:INFO - django.utils.autoreload autoreload.py (line 266. /app/apps/playlists/views.py changed, reloading.)
2024-06-10 23:03:17,408:INFO - django.utils.autoreload autoreload.py (line 668. Watching for file changes with StatReloader)
2024-06-10 23:03:38,687:INFO - django.utils.autoreload autoreload.py (line 266. /app/apps/playlists/views.py changed, reloading.)
2024-06-10 23:03:42,426:INFO - django.utils.autoreload autoreload.py (line 668. Watching for file changes with StatReloader)
2024-06-10 23:05:00,419:INFO - django.utils.autoreload autoreload.py (line 266. /app/apps/playlists/views.py changed, reloading.)
2024-06-10 23:05:04,503:INFO - django.utils.autoreload autoreload.py (line 668. Watching for file changes with StatReloader)
2024-06-10 23:05:18,381:INFO - django.utils.autoreload autoreload.py (line 266. /app/apps/playlists/views.py changed, reloading.)
2024-06-10 23:05:23,037:INFO - django.utils.autoreload autoreload.py (line 668. Watching for file changes with StatReloader)
2024-06-10 23:05:29,918:INFO - django.utils.autoreload autoreload.py (line 266. /app/apps/playlists/views.py changed, reloading.)
2024-06-10 23:05:34,292:INFO - django.utils.autoreload autoreload.py (line 668. Watching for file changes with StatReloader)
2024-06-10 23:05:45,466:INFO - django.utils.autoreload autoreload.py (line 266. /app/apps/playlists/views.py changed, reloading.)
2024-06-10 23:05:50,561:INFO - django.utils.autoreload autoreload.py (line 668. Watching for file changes with StatReloader)
2024-06-10 23:05:57,452:INFO - django.utils.autoreload autoreload.py (line 266. /app/apps/playlists/views.py changed, reloading.)
2024-06-10 23:06:02,199:INFO - django.utils.autoreload autoreload.py (line 668. Watching for file changes with StatReloader)
2024-06-10 23:06:14,713:INFO - django.utils.autoreload autoreload.py (line 266. /app/apps/playlists/views.py changed, reloading.)
2024-06-10 23:06:20,242:INFO - django.utils.autoreload autoreload.py (line 668. Watching for file changes with StatReloader)
2024-06-10 23:15:29,516:INFO - django.utils.autoreload autoreload.py (line 266. /app/apps/playlists/views.py changed, reloading.)
2024-06-10 23:15:34,158:INFO - django.utils.autoreload autoreload.py (line 668. Watching for file changes with StatReloader)
2024-06-10 23:15:45,705:INFO - django.utils.autoreload autoreload.py (line 266. /app/apps/playlists/views.py changed, reloading.)
2024-06-10 23:15:50,062:INFO - django.utils.autoreload autoreload.py (line 668. Watching for file changes with StatReloader)
2024-06-10 23:17:00,706:INFO - django.utils.autoreload autoreload.py (line 266. /app/apps/playlists/views.py changed, reloading.)
2024-06-10 23:17:04,491:INFO - django.utils.autoreload autoreload.py (line 668. Watching for file changes with StatReloader)
2024-06-10 23:22:51,269:INFO - django.utils.autoreload autoreload.py (line 266. /app/apps/playlists/views.py changed, reloading.)
2024-06-10 23:22:55,331:INFO - django.utils.autoreload autoreload.py (line 668. Watching for file changes with StatReloader)
2024-06-10 23:23:04,210:INFO - django.utils.autoreload autoreload.py (line 266. /app/apps/playlists/views.py changed, reloading.)
2024-06-10 23:23:07,951:INFO - django.utils.autoreload autoreload.py (line 668. Watching for file changes with StatReloader)
2024-06-10 23:23:15,618:INFO - django.utils.autoreload autoreload.py (line 266. /app/apps/playlists/views.py changed, reloading.)
2024-06-10 23:23:20,104:INFO - django.utils.autoreload autoreload.py (line 668. Watching for file changes with StatReloader)
2024-06-10 23:23:31,921:INFO - django.utils.autoreload autoreload.py (line 266. /app/apps/playlists/views.py changed, reloading.)
2024-06-10 23:23:36,174:INFO - django.utils.autoreload autoreload.py (line 668. Watching for file changes with StatReloader)
2024-06-10 23:23:45,370:INFO - django.utils.autoreload autoreload.py (line 266. /app/apps/playlists/urls.py changed, reloading.)
2024-06-10 23:23:49,790:INFO - django.utils.autoreload autoreload.py (line 668. Watching for file changes with StatReloader)
2024-06-10 23:23:56,066:INFO - django.utils.autoreload autoreload.py (line 266. /app/apps/playlists/urls.py changed, reloading.)
2024-06-10 23:24:01,937:INFO - django.utils.autoreload autoreload.py (line 668. Watching for file changes with StatReloader)
2024-06-10 23:24:11,681:INFO - django.utils.autoreload autoreload.py (line 266. /app/apps/playlists/views.py changed, reloading.)
2024-06-10 23:24:16,224:INFO - django.utils.autoreload autoreload.py (line 668. Watching for file changes with StatReloader)
2024-06-10 23:24:22,224:INFO - django.utils.autoreload autoreload.py (line 266. /app/apps/playlists/views.py changed, reloading.)
2024-06-10 23:24:26,798:INFO - django.utils.autoreload autoreload.py (line 668. Watching for file changes with StatReloader)
2024-06-10 23:24:54,162:INFO - django.utils.autoreload autoreload.py (line 266. /app/apps/playlists/views.py changed, reloading.)
2024-06-10 23:24:58,976:INFO - django.utils.autoreload autoreload.py (line 668. Watching for file changes with StatReloader)
2024-06-10 23:25:23,842:INFO - django.utils.autoreload autoreload.py (line 266. /app/apps/playlists/urls.py changed, reloading.)
2024-06-10 23:25:27,639:INFO - django.utils.autoreload autoreload.py (line 668. Watching for file changes with StatReloader)
2024-06-10 23:25:45,083:WARNING - django.request log.py (line 241. Not Found: /api/v1/playlists/myanimelist/anime)
2024-06-10 23:26:45,084:INFO - django.utils.autoreload autoreload.py (line 266. /app/apps/playlists/views.py changed, reloading.)
2024-06-10 23:26:49,696:INFO - django.utils.autoreload autoreload.py (line 668. Watching for file changes with StatReloader)
2024-06-10 23:27:02,742:INFO - django.utils.autoreload autoreload.py (line 266. /app/apps/playlists/views.py changed, reloading.)
2024-06-10 23:27:06,607:INFO - django.utils.autoreload autoreload.py (line 668. Watching for file changes with StatReloader)
2024-06-10 23:27:21,021:INFO - django.utils.autoreload autoreload.py (line 266. /app/apps/playlists/views.py changed, reloading.)
2024-06-10 23:27:25,496:INFO - django.utils.autoreload autoreload.py (line 668. Watching for file changes with StatReloader)
2024-06-10 23:27:32,997:INFO - django.utils.autoreload autoreload.py (line 266. /app/apps/playlists/views.py changed, reloading.)
2024-06-10 23:27:37,086:INFO - django.utils.autoreload autoreload.py (line 668. Watching for file changes with StatReloader)
2024-06-10 23:28:01,148:INFO - django.utils.autoreload autoreload.py (line 266. /app/apps/playlists/views.py changed, reloading.)
2024-06-10 23:28:06,392:INFO - django.utils.autoreload autoreload.py (line 668. Watching for file changes with StatReloader)
2024-06-10 23:28:12,621:INFO - django.utils.autoreload autoreload.py (line 266. /app/apps/playlists/views.py changed, reloading.)
2024-06-10 23:28:17,410:INFO - django.utils.autoreload autoreload.py (line 668. Watching for file changes with StatReloader)
2024-06-10 23:28:24,616:INFO - django.utils.autoreload autoreload.py (line 266. /app/apps/playlists/views.py changed, reloading.)
2024-06-10 23:28:29,674:INFO - django.utils.autoreload autoreload.py (line 668. Watching for file changes with StatReloader)
2024-06-10 23:28:50,499:INFO - django.utils.autoreload autoreload.py (line 266. /app/apps/playlists/views.py changed, reloading.)
2024-06-10 23:28:54,395:INFO - django.utils.autoreload autoreload.py (line 668. Watching for file changes with StatReloader)
2024-06-10 23:29:05,158:INFO - django.utils.autoreload autoreload.py (line 266. /app/apps/playlists/views.py changed, reloading.)
2024-06-10 23:29:09,106:INFO - django.utils.autoreload autoreload.py (line 668. Watching for file changes with StatReloader)
2024-06-10 23:29:40,546:INFO - django.utils.autoreload autoreload.py (line 266. /app/apps/playlists/urls.py changed, reloading.)
2024-06-10 23:29:44,221:INFO - django.utils.autoreload autoreload.py (line 668. Watching for file changes with StatReloader)
2024-06-10 23:29:51,888:INFO - django.utils.autoreload autoreload.py (line 266. /app/apps/playlists/urls.py changed, reloading.)
2024-06-10 23:29:57,268:INFO - django.utils.autoreload autoreload.py (line 668. Watching for file changes with StatReloader)
2024-06-10 23:30:11,455:INFO - django.utils.autoreload autoreload.py (line 266. /app/apps/playlists/urls.py changed, reloading.)
2024-06-10 23:30:16,259:INFO - django.utils.autoreload autoreload.py (line 668. Watching for file changes with StatReloader)
2024-06-10 23:30:22,379:INFO - django.utils.autoreload autoreload.py (line 266. /app/apps/playlists/urls.py changed, reloading.)
2024-06-10 23:30:28,231:INFO - django.utils.autoreload autoreload.py (line 668. Watching for file changes with StatReloader)
2024-06-10 23:30:35,651:INFO - django.utils.autoreload autoreload.py (line 266. /app/apps/playlists/urls.py changed, reloading.)
2024-06-10 23:30:39,635:INFO - django.utils.autoreload autoreload.py (line 668. Watching for file changes with StatReloader)
2024-06-10 23:31:39,911:INFO - django.utils.autoreload autoreload.py (line 266. /app/apps/playlists/views.py changed, reloading.)
2024-06-10 23:31:44,140:INFO - django.utils.autoreload autoreload.py (line 668. Watching for file changes with StatReloader)
2024-06-10 23:32:19,459:INFO - django.utils.autoreload autoreload.py (line 266. /app/apps/playlists/views.py changed, reloading.)
2024-06-10 23:32:24,810:INFO - django.utils.autoreload autoreload.py (line 668. Watching for file changes with StatReloader)
2024-06-10 23:32:32,096:INFO - django.utils.autoreload autoreload.py (line 266. /app/apps/playlists/views.py changed, reloading.)
2024-06-10 23:32:36,415:INFO - django.utils.autoreload autoreload.py (line 668. Watching for file changes with StatReloader)
2024-06-10 23:32:49,773:INFO - django.utils.autoreload autoreload.py (line 266. /app/apps/playlists/views.py changed, reloading.)
2024-06-10 23:32:53,886:INFO - django.utils.autoreload autoreload.py (line 668. Watching for file changes with StatReloader)
2024-06-10 23:33:00,519:INFO - django.utils.autoreload autoreload.py (line 266. /app/apps/playlists/views.py changed, reloading.)
2024-06-10 23:33:04,869:INFO - django.utils.autoreload autoreload.py (line 668. Watching for file changes with StatReloader)
2024-06-10 23:33:13,861:INFO - django.utils.autoreload autoreload.py (line 266. /app/apps/playlists/views.py changed, reloading.)
2024-06-10 23:33:18,079:INFO - django.utils.autoreload autoreload.py (line 668. Watching for file changes with StatReloader)
2024-06-10 23:33:25,491:INFO - django.utils.autoreload autoreload.py (line 266. /app/apps/playlists/views.py changed, reloading.)
2024-06-10 23:33:30,399:INFO - django.utils.autoreload autoreload.py (line 668. Watching for file changes with StatReloader)
2024-06-10 23:33:59,078:INFO - django.utils.autoreload autoreload.py (line 266. /app/apps/playlists/views.py changed, reloading.)
2024-06-10 23:34:04,984:INFO - django.utils.autoreload autoreload.py (line 668. Watching for file changes with StatReloader)
2024-06-10 23:34:21,793:INFO - django.utils.autoreload autoreload.py (line 266. /app/apps/playlists/views.py changed, reloading.)
2024-06-10 23:34:27,677:INFO - django.utils.autoreload autoreload.py (line 668. Watching for file changes with StatReloader)
2024-06-10 23:34:35,559:INFO - django.utils.autoreload autoreload.py (line 266. /app/apps/playlists/views.py changed, reloading.)
2024-06-10 23:34:40,813:INFO - django.utils.autoreload autoreload.py (line 668. Watching for file changes with StatReloader)
2024-06-10 23:35:12,692:INFO - django.utils.autoreload autoreload.py (line 266. /app/apps/playlists/views.py changed, reloading.)
2024-06-10 23:35:16,897:INFO - django.utils.autoreload autoreload.py (line 668. Watching for file changes with StatReloader)
2024-06-10 23:35:29,614:INFO - django.utils.autoreload autoreload.py (line 266. /app/apps/playlists/views.py changed, reloading.)
2024-06-10 23:35:33,448:INFO - django.utils.autoreload autoreload.py (line 668. Watching for file changes with StatReloader)
2024-06-10 23:38:43,564:INFO - django.utils.autoreload autoreload.py (line 266. /app/apps/playlists/views.py changed, reloading.)
2024-06-10 23:38:48,616:INFO - django.utils.autoreload autoreload.py (line 668. Watching for file changes with StatReloader)
2024-06-10 23:40:52,849:ERROR - django.request log.py (line 241. Internal Server Error: /api/v1/playlists/myanimelist/animes/5fbdc382-234f-4846-a94a-d607f002ac0f/)
Traceback (most recent call last):
  File "/usr/local/lib/python3.12/site-packages/django/core/handlers/exception.py", line 55, in inner
    response = get_response(request)
               ^^^^^^^^^^^^^^^^^^^^^
  File "/usr/local/lib/python3.12/site-packages/django/core/handlers/base.py", line 197, in _get_response
    response = wrapped_callback(request, *callback_args, **callback_kwargs)
               ^^^^^^^^^^^^^^^^^^^^^^^^^^^^^^^^^^^^^^^^^^^^^^^^^^^^^^^^^^^^
  File "/usr/local/lib/python3.12/site-packages/django/views/decorators/csrf.py", line 65, in _view_wrapper
    return view_func(request, *args, **kwargs)
           ^^^^^^^^^^^^^^^^^^^^^^^^^^^^^^^^^^^
  File "/usr/local/lib/python3.12/site-packages/django/views/generic/base.py", line 104, in view
    return self.dispatch(request, *args, **kwargs)
           ^^^^^^^^^^^^^^^^^^^^^^^^^^^^^^^^^^^^^^^
  File "/usr/local/lib/python3.12/site-packages/rest_framework/views.py", line 509, in dispatch
    response = self.handle_exception(exc)
               ^^^^^^^^^^^^^^^^^^^^^^^^^^
  File "/usr/local/lib/python3.12/site-packages/rest_framework/views.py", line 469, in handle_exception
    self.raise_uncaught_exception(exc)
  File "/usr/local/lib/python3.12/site-packages/rest_framework/views.py", line 480, in raise_uncaught_exception
    raise exc
  File "/usr/local/lib/python3.12/site-packages/rest_framework/views.py", line 506, in dispatch
    response = handler(request, *args, **kwargs)
               ^^^^^^^^^^^^^^^^^^^^^^^^^^^^^^^^^
TypeError: MyAnimeListItemsDetailView.delete() got an unexpected keyword argument 'item_id'
2024-06-10 23:41:28,773:INFO - django.utils.autoreload autoreload.py (line 266. /app/apps/playlists/views.py changed, reloading.)
2024-06-10 23:41:33,948:INFO - django.utils.autoreload autoreload.py (line 668. Watching for file changes with StatReloader)
2024-06-10 23:51:40,909:INFO - django.utils.autoreload autoreload.py (line 266. /app/apps/playlists/views.py changed, reloading.)
2024-06-10 23:51:46,810:INFO - django.utils.autoreload autoreload.py (line 668. Watching for file changes with StatReloader)
2024-06-10 23:52:11,216:INFO - django.utils.autoreload autoreload.py (line 266. /app/apps/playlists/views.py changed, reloading.)
2024-06-10 23:52:16,851:INFO - django.utils.autoreload autoreload.py (line 668. Watching for file changes with StatReloader)
2024-06-10 23:52:38,649:INFO - django.utils.autoreload autoreload.py (line 266. /app/apps/playlists/views.py changed, reloading.)
2024-06-10 23:52:43,911:INFO - django.utils.autoreload autoreload.py (line 668. Watching for file changes with StatReloader)
2024-06-10 23:55:05,056:INFO - django.utils.autoreload autoreload.py (line 266. /app/apps/playlists/views.py changed, reloading.)
2024-06-10 23:55:10,256:INFO - django.utils.autoreload autoreload.py (line 668. Watching for file changes with StatReloader)
2024-06-10 23:55:33,934:INFO - django.utils.autoreload autoreload.py (line 266. /app/apps/playlists/views.py changed, reloading.)
2024-06-10 23:55:39,143:INFO - django.utils.autoreload autoreload.py (line 668. Watching for file changes with StatReloader)
2024-06-10 23:56:24,614:INFO - django.utils.autoreload autoreload.py (line 266. /app/apps/playlists/views.py changed, reloading.)
2024-06-10 23:56:32,917:INFO - django.utils.autoreload autoreload.py (line 668. Watching for file changes with StatReloader)
2024-06-10 23:56:41,633:INFO - django.utils.autoreload autoreload.py (line 266. /app/apps/playlists/views.py changed, reloading.)
2024-06-10 23:56:48,873:INFO - django.utils.autoreload autoreload.py (line 668. Watching for file changes with StatReloader)
2024-06-11 00:18:03,544:INFO - django.utils.autoreload autoreload.py (line 266. /app/apps/playlists/views.py changed, reloading.)
2024-06-11 00:18:08,399:INFO - django.utils.autoreload autoreload.py (line 668. Watching for file changes with StatReloader)
2024-06-11 00:19:48,349:INFO - django.utils.autoreload autoreload.py (line 266. /app/apps/playlists/serializers.py changed, reloading.)
2024-06-11 00:19:54,971:INFO - django.utils.autoreload autoreload.py (line 668. Watching for file changes with StatReloader)
2024-06-11 00:20:09,589:INFO - django.utils.autoreload autoreload.py (line 266. /app/apps/playlists/serializers.py changed, reloading.)
2024-06-11 00:20:16,267:INFO - django.utils.autoreload autoreload.py (line 668. Watching for file changes with StatReloader)
2024-06-11 00:20:25,098:INFO - django.utils.autoreload autoreload.py (line 266. /app/apps/playlists/serializers.py changed, reloading.)
2024-06-11 00:20:30,984:INFO - django.utils.autoreload autoreload.py (line 668. Watching for file changes with StatReloader)
2024-06-11 00:21:00,061:INFO - django.utils.autoreload autoreload.py (line 266. /app/apps/playlists/serializers.py changed, reloading.)
2024-06-11 00:21:06,083:INFO - django.utils.autoreload autoreload.py (line 668. Watching for file changes with StatReloader)
2024-06-11 00:21:14,239:INFO - django.utils.autoreload autoreload.py (line 266. /app/apps/playlists/serializers.py changed, reloading.)
2024-06-11 00:21:19,494:INFO - django.utils.autoreload autoreload.py (line 668. Watching for file changes with StatReloader)
2024-06-11 00:21:30,887:INFO - django.utils.autoreload autoreload.py (line 266. /app/apps/playlists/serializers.py changed, reloading.)
2024-06-11 00:21:36,968:INFO - django.utils.autoreload autoreload.py (line 668. Watching for file changes with StatReloader)
2024-06-11 00:21:45,399:INFO - django.utils.autoreload autoreload.py (line 266. /app/apps/playlists/serializers.py changed, reloading.)
2024-06-11 00:21:50,553:INFO - django.utils.autoreload autoreload.py (line 668. Watching for file changes with StatReloader)
2024-06-11 00:22:07,777:INFO - django.utils.autoreload autoreload.py (line 266. /app/apps/playlists/serializers.py changed, reloading.)
2024-06-11 00:22:13,524:INFO - django.utils.autoreload autoreload.py (line 668. Watching for file changes with StatReloader)
2024-06-11 00:22:29,295:INFO - django.utils.autoreload autoreload.py (line 266. /app/apps/playlists/serializers.py changed, reloading.)
2024-06-11 00:22:34,625:INFO - django.utils.autoreload autoreload.py (line 668. Watching for file changes with StatReloader)
2024-06-11 00:22:43,270:INFO - django.utils.autoreload autoreload.py (line 266. /app/apps/playlists/serializers.py changed, reloading.)
2024-06-11 00:22:48,129:INFO - django.utils.autoreload autoreload.py (line 668. Watching for file changes with StatReloader)
2024-06-11 00:22:55,567:INFO - django.utils.autoreload autoreload.py (line 266. /app/apps/playlists/serializers.py changed, reloading.)
2024-06-11 00:23:01,874:INFO - django.utils.autoreload autoreload.py (line 668. Watching for file changes with StatReloader)
2024-06-11 00:23:40,038:INFO - django.utils.autoreload autoreload.py (line 266. /app/apps/playlists/serializers.py changed, reloading.)
2024-06-11 00:23:47,188:INFO - django.utils.autoreload autoreload.py (line 668. Watching for file changes with StatReloader)
2024-06-11 00:24:00,664:INFO - django.utils.autoreload autoreload.py (line 266. /app/apps/playlists/serializers.py changed, reloading.)
2024-06-11 00:24:06,801:INFO - django.utils.autoreload autoreload.py (line 668. Watching for file changes with StatReloader)
2024-06-11 00:24:17,284:INFO - django.utils.autoreload autoreload.py (line 266. /app/apps/playlists/serializers.py changed, reloading.)
2024-06-11 00:24:23,488:INFO - django.utils.autoreload autoreload.py (line 668. Watching for file changes with StatReloader)
2024-06-11 00:24:30,998:INFO - django.utils.autoreload autoreload.py (line 266. /app/apps/playlists/serializers.py changed, reloading.)
2024-06-11 00:24:36,236:INFO - django.utils.autoreload autoreload.py (line 668. Watching for file changes with StatReloader)
2024-06-11 16:01:45,377:INFO - django.utils.autoreload autoreload.py (line 668. Watching for file changes with StatReloader)
2024-06-11 16:02:27,050:WARNING - django.request log.py (line 241. Not Found: /api/v1/playlists/myanimelist/animes/)
2024-06-11 16:04:15,204:WARNING - django.request log.py (line 241. Unauthorized: /api/v1/playlists/animelist/animes/)
2024-06-11 16:04:21,558:WARNING - django.request log.py (line 241. Unauthorized: /api/v1/playlists/animelist/animes/)
2024-06-11 16:06:02,622:WARNING - django.request log.py (line 241. Not Found: /favicon.ico)
2024-06-11 16:06:59,588:WARNING - django.request log.py (line 241. Bad Request: /api/v1/playlists/animelist/animes/)
2024-06-11 16:07:46,037:WARNING - django.request log.py (line 241. Bad Request: /api/v1/playlists/animelist/animes/)
2024-06-11 16:09:40,466:INFO - django.utils.autoreload autoreload.py (line 266. /app/apps/playlists/views.py changed, reloading.)
2024-06-11 16:09:45,720:INFO - django.utils.autoreload autoreload.py (line 668. Watching for file changes with StatReloader)
2024-06-11 16:09:55,661:INFO - django.utils.autoreload autoreload.py (line 266. /app/apps/playlists/views.py changed, reloading.)
2024-06-11 16:10:00,625:INFO - django.utils.autoreload autoreload.py (line 668. Watching for file changes with StatReloader)
2024-06-11 16:11:55,372:WARNING - django.request log.py (line 241. Not Found: /api/v1/playlists/animelist/animes//)
2024-06-11 16:12:04,416:WARNING - django.request log.py (line 241. Not Found: /api/v1/playlists/animelist/animes//)
2024-06-11 16:17:50,237:INFO - django.utils.autoreload autoreload.py (line 266. /app/apps/playlists/views.py changed, reloading.)
2024-06-11 16:17:55,325:INFO - django.utils.autoreload autoreload.py (line 668. Watching for file changes with StatReloader)
2024-06-11 16:22:36,057:INFO - django.utils.autoreload autoreload.py (line 266. /app/apps/playlists/views.py changed, reloading.)
2024-06-11 16:22:40,202:INFO - django.utils.autoreload autoreload.py (line 668. Watching for file changes with StatReloader)
2024-06-11 16:23:09,467:INFO - django.utils.autoreload autoreload.py (line 266. /app/apps/playlists/views.py changed, reloading.)
2024-06-11 16:23:15,051:INFO - django.utils.autoreload autoreload.py (line 668. Watching for file changes with StatReloader)
2024-06-11 16:24:26,966:ERROR - django.request log.py (line 241. Internal Server Error: /api/v1/playlists/animelist/animes/)
Traceback (most recent call last):
  File "/usr/local/lib/python3.12/site-packages/django/db/models/query.py", line 946, in get_or_create
    return self.get(**kwargs), False
           ^^^^^^^^^^^^^^^^^^
  File "/usr/local/lib/python3.12/site-packages/django/db/models/query.py", line 647, in get
    raise self.model.DoesNotExist(
apps.playlists.models.AnimeListItem.DoesNotExist: AnimeListItem matching query does not exist.

During handling of the above exception, another exception occurred:

Traceback (most recent call last):
  File "/usr/local/lib/python3.12/site-packages/django/core/handlers/exception.py", line 55, in inner
    response = get_response(request)
               ^^^^^^^^^^^^^^^^^^^^^
  File "/usr/local/lib/python3.12/site-packages/django/core/handlers/base.py", line 197, in _get_response
    response = wrapped_callback(request, *callback_args, **callback_kwargs)
               ^^^^^^^^^^^^^^^^^^^^^^^^^^^^^^^^^^^^^^^^^^^^^^^^^^^^^^^^^^^^
  File "/usr/local/lib/python3.12/site-packages/django/views/decorators/csrf.py", line 65, in _view_wrapper
    return view_func(request, *args, **kwargs)
           ^^^^^^^^^^^^^^^^^^^^^^^^^^^^^^^^^^^
  File "/usr/local/lib/python3.12/site-packages/django/views/generic/base.py", line 104, in view
    return self.dispatch(request, *args, **kwargs)
           ^^^^^^^^^^^^^^^^^^^^^^^^^^^^^^^^^^^^^^^
  File "/usr/local/lib/python3.12/site-packages/rest_framework/views.py", line 509, in dispatch
    response = self.handle_exception(exc)
               ^^^^^^^^^^^^^^^^^^^^^^^^^^
  File "/usr/local/lib/python3.12/site-packages/rest_framework/views.py", line 469, in handle_exception
    self.raise_uncaught_exception(exc)
  File "/usr/local/lib/python3.12/site-packages/rest_framework/views.py", line 480, in raise_uncaught_exception
    raise exc
  File "/usr/local/lib/python3.12/site-packages/rest_framework/views.py", line 506, in dispatch
    response = handler(request, *args, **kwargs)
               ^^^^^^^^^^^^^^^^^^^^^^^^^^^^^^^^^
  File "/app/apps/playlists/views.py", line 99, in post
    item, created = AnimeListItem.objects.get_or_create(
                    ^^^^^^^^^^^^^^^^^^^^^^^^^^^^^^^^^^^^
  File "/usr/local/lib/python3.12/site-packages/django/db/models/manager.py", line 87, in manager_method
    return getattr(self.get_queryset(), name)(*args, **kwargs)
           ^^^^^^^^^^^^^^^^^^^^^^^^^^^^^^^^^^^^^^^^^^^^^^^^^^^
  File "/usr/local/lib/python3.12/site-packages/django/db/models/query.py", line 953, in get_or_create
    return self.create(**params), True
           ^^^^^^^^^^^^^^^^^^^^^
  File "/usr/local/lib/python3.12/site-packages/django/db/models/query.py", line 675, in create
    obj = self.model(**kwargs)
          ^^^^^^^^^^^^^^^^^^^^
  File "/usr/local/lib/python3.12/site-packages/django/db/models/base.py", line 543, in __init__
    _setattr(self, field.name, rel_obj)
  File "/usr/local/lib/python3.12/site-packages/django/db/models/fields/related_descriptors.py", line 283, in __set__
    raise ValueError(
ValueError: Cannot assign "'c051ea9c-b39d-4946-a5cf-2659a295e283'": "AnimeListItem.anime_id" must be a "Anime" instance.
2024-06-11 16:27:35,151:INFO - django.utils.autoreload autoreload.py (line 266. /app/apps/playlists/views.py changed, reloading.)
2024-06-11 16:27:38,822:INFO - django.utils.autoreload autoreload.py (line 668. Watching for file changes with StatReloader)
2024-06-11 16:28:01,068:ERROR - django.request log.py (line 241. Internal Server Error: /api/v1/playlists/animelist/animes/)
Traceback (most recent call last):
  File "/usr/local/lib/python3.12/site-packages/django/db/models/query.py", line 946, in get_or_create
    return self.get(**kwargs), False
           ^^^^^^^^^^^^^^^^^^
  File "/usr/local/lib/python3.12/site-packages/django/db/models/query.py", line 647, in get
    raise self.model.DoesNotExist(
apps.playlists.models.AnimeListItem.DoesNotExist: AnimeListItem matching query does not exist.

During handling of the above exception, another exception occurred:

Traceback (most recent call last):
  File "/usr/local/lib/python3.12/site-packages/django/core/handlers/exception.py", line 55, in inner
    response = get_response(request)
               ^^^^^^^^^^^^^^^^^^^^^
  File "/usr/local/lib/python3.12/site-packages/django/core/handlers/base.py", line 197, in _get_response
    response = wrapped_callback(request, *callback_args, **callback_kwargs)
               ^^^^^^^^^^^^^^^^^^^^^^^^^^^^^^^^^^^^^^^^^^^^^^^^^^^^^^^^^^^^
  File "/usr/local/lib/python3.12/site-packages/django/views/decorators/csrf.py", line 65, in _view_wrapper
    return view_func(request, *args, **kwargs)
           ^^^^^^^^^^^^^^^^^^^^^^^^^^^^^^^^^^^
  File "/usr/local/lib/python3.12/site-packages/django/views/generic/base.py", line 104, in view
    return self.dispatch(request, *args, **kwargs)
           ^^^^^^^^^^^^^^^^^^^^^^^^^^^^^^^^^^^^^^^
  File "/usr/local/lib/python3.12/site-packages/rest_framework/views.py", line 509, in dispatch
    response = self.handle_exception(exc)
               ^^^^^^^^^^^^^^^^^^^^^^^^^^
  File "/usr/local/lib/python3.12/site-packages/rest_framework/views.py", line 469, in handle_exception
    self.raise_uncaught_exception(exc)
  File "/usr/local/lib/python3.12/site-packages/rest_framework/views.py", line 480, in raise_uncaught_exception
    raise exc
  File "/usr/local/lib/python3.12/site-packages/rest_framework/views.py", line 506, in dispatch
    response = handler(request, *args, **kwargs)
               ^^^^^^^^^^^^^^^^^^^^^^^^^^^^^^^^^
  File "/app/apps/playlists/views.py", line 99, in post
    item, created = AnimeListItem.objects.get_or_create(
                    ^^^^^^^^^^^^^^^^^^^^^^^^^^^^^^^^^^^^
  File "/usr/local/lib/python3.12/site-packages/django/db/models/manager.py", line 87, in manager_method
    return getattr(self.get_queryset(), name)(*args, **kwargs)
           ^^^^^^^^^^^^^^^^^^^^^^^^^^^^^^^^^^^^^^^^^^^^^^^^^^^
  File "/usr/local/lib/python3.12/site-packages/django/db/models/query.py", line 953, in get_or_create
    return self.create(**params), True
           ^^^^^^^^^^^^^^^^^^^^^
  File "/usr/local/lib/python3.12/site-packages/django/db/models/query.py", line 675, in create
    obj = self.model(**kwargs)
          ^^^^^^^^^^^^^^^^^^^^
  File "/usr/local/lib/python3.12/site-packages/django/db/models/base.py", line 543, in __init__
    _setattr(self, field.name, rel_obj)
  File "/usr/local/lib/python3.12/site-packages/django/db/models/fields/related_descriptors.py", line 283, in __set__
    raise ValueError(
ValueError: Cannot assign "'c051ea9c-b39d-4946-a5cf-2659a295e283'": "AnimeListItem.anime_id" must be a "Anime" instance.
2024-06-11 16:29:47,936:INFO - django.utils.autoreload autoreload.py (line 266. /app/apps/playlists/views.py changed, reloading.)
2024-06-11 16:29:51,434:INFO - django.utils.autoreload autoreload.py (line 668. Watching for file changes with StatReloader)
2024-06-11 16:30:10,611:INFO - django.utils.autoreload autoreload.py (line 266. /app/apps/playlists/views.py changed, reloading.)
2024-06-11 16:30:17,505:INFO - django.utils.autoreload autoreload.py (line 668. Watching for file changes with StatReloader)
2024-06-11 16:30:23,457:INFO - django.utils.autoreload autoreload.py (line 266. /app/apps/playlists/views.py changed, reloading.)
2024-06-11 16:30:27,817:INFO - django.utils.autoreload autoreload.py (line 668. Watching for file changes with StatReloader)
2024-06-11 16:30:47,821:INFO - django.utils.autoreload autoreload.py (line 266. /app/apps/playlists/views.py changed, reloading.)
2024-06-11 16:30:51,940:INFO - django.utils.autoreload autoreload.py (line 668. Watching for file changes with StatReloader)
2024-06-11 16:30:59,324:ERROR - django.request log.py (line 241. Internal Server Error: /api/v1/playlists/animelist/animes/)
Traceback (most recent call last):
  File "/usr/local/lib/python3.12/site-packages/django/core/handlers/exception.py", line 55, in inner
    response = get_response(request)
               ^^^^^^^^^^^^^^^^^^^^^
  File "/usr/local/lib/python3.12/site-packages/django/core/handlers/base.py", line 197, in _get_response
    response = wrapped_callback(request, *callback_args, **callback_kwargs)
               ^^^^^^^^^^^^^^^^^^^^^^^^^^^^^^^^^^^^^^^^^^^^^^^^^^^^^^^^^^^^
  File "/usr/local/lib/python3.12/site-packages/django/views/decorators/csrf.py", line 65, in _view_wrapper
    return view_func(request, *args, **kwargs)
           ^^^^^^^^^^^^^^^^^^^^^^^^^^^^^^^^^^^
  File "/usr/local/lib/python3.12/site-packages/django/views/generic/base.py", line 104, in view
    return self.dispatch(request, *args, **kwargs)
           ^^^^^^^^^^^^^^^^^^^^^^^^^^^^^^^^^^^^^^^
  File "/usr/local/lib/python3.12/site-packages/rest_framework/views.py", line 509, in dispatch
    response = self.handle_exception(exc)
               ^^^^^^^^^^^^^^^^^^^^^^^^^^
  File "/usr/local/lib/python3.12/site-packages/rest_framework/views.py", line 469, in handle_exception
    self.raise_uncaught_exception(exc)
  File "/usr/local/lib/python3.12/site-packages/rest_framework/views.py", line 480, in raise_uncaught_exception
    raise exc
  File "/usr/local/lib/python3.12/site-packages/rest_framework/views.py", line 506, in dispatch
    response = handler(request, *args, **kwargs)
               ^^^^^^^^^^^^^^^^^^^^^^^^^^^^^^^^^
  File "/app/apps/playlists/views.py", line 107, in post
    item, created = AnimeListItem.objects.get_or_create(
                    ^^^^^^^^^^^^^^^^^^^^^^^^^^^^^^^^^^^^
  File "/usr/local/lib/python3.12/site-packages/django/db/models/manager.py", line 87, in manager_method
    return getattr(self.get_queryset(), name)(*args, **kwargs)
           ^^^^^^^^^^^^^^^^^^^^^^^^^^^^^^^^^^^^^^^^^^^^^^^^^^^
  File "/usr/local/lib/python3.12/site-packages/django/db/models/query.py", line 946, in get_or_create
    return self.get(**kwargs), False
           ^^^^^^^^^^^^^^^^^^
  File "/usr/local/lib/python3.12/site-packages/django/db/models/query.py", line 650, in get
    raise self.model.MultipleObjectsReturned(
apps.playlists.models.AnimeListItem.MultipleObjectsReturned: get() returned more than one AnimeListItem -- it returned 2!
2024-06-11 16:31:06,939:ERROR - django.request log.py (line 241. Internal Server Error: /api/v1/playlists/animelist/animes/)
Traceback (most recent call last):
  File "/usr/local/lib/python3.12/site-packages/django/core/handlers/exception.py", line 55, in inner
    response = get_response(request)
               ^^^^^^^^^^^^^^^^^^^^^
  File "/usr/local/lib/python3.12/site-packages/django/core/handlers/base.py", line 197, in _get_response
    response = wrapped_callback(request, *callback_args, **callback_kwargs)
               ^^^^^^^^^^^^^^^^^^^^^^^^^^^^^^^^^^^^^^^^^^^^^^^^^^^^^^^^^^^^
  File "/usr/local/lib/python3.12/site-packages/django/views/decorators/csrf.py", line 65, in _view_wrapper
    return view_func(request, *args, **kwargs)
           ^^^^^^^^^^^^^^^^^^^^^^^^^^^^^^^^^^^
  File "/usr/local/lib/python3.12/site-packages/django/views/generic/base.py", line 104, in view
    return self.dispatch(request, *args, **kwargs)
           ^^^^^^^^^^^^^^^^^^^^^^^^^^^^^^^^^^^^^^^
  File "/usr/local/lib/python3.12/site-packages/rest_framework/views.py", line 509, in dispatch
    response = self.handle_exception(exc)
               ^^^^^^^^^^^^^^^^^^^^^^^^^^
  File "/usr/local/lib/python3.12/site-packages/rest_framework/views.py", line 469, in handle_exception
    self.raise_uncaught_exception(exc)
  File "/usr/local/lib/python3.12/site-packages/rest_framework/views.py", line 480, in raise_uncaught_exception
    raise exc
  File "/usr/local/lib/python3.12/site-packages/rest_framework/views.py", line 506, in dispatch
    response = handler(request, *args, **kwargs)
               ^^^^^^^^^^^^^^^^^^^^^^^^^^^^^^^^^
  File "/app/apps/playlists/views.py", line 107, in post
    item, created = AnimeListItem.objects.get_or_create(
                    ^^^^^^^^^^^^^^^^^^^^^^^^^^^^^^^^^^^^
  File "/usr/local/lib/python3.12/site-packages/django/db/models/manager.py", line 87, in manager_method
    return getattr(self.get_queryset(), name)(*args, **kwargs)
           ^^^^^^^^^^^^^^^^^^^^^^^^^^^^^^^^^^^^^^^^^^^^^^^^^^^
  File "/usr/local/lib/python3.12/site-packages/django/db/models/query.py", line 946, in get_or_create
    return self.get(**kwargs), False
           ^^^^^^^^^^^^^^^^^^
  File "/usr/local/lib/python3.12/site-packages/django/db/models/query.py", line 650, in get
    raise self.model.MultipleObjectsReturned(
apps.playlists.models.AnimeListItem.MultipleObjectsReturned: get() returned more than one AnimeListItem -- it returned 2!
2024-06-11 16:32:33,535:INFO - django.utils.autoreload autoreload.py (line 266. /app/apps/playlists/views.py changed, reloading.)
2024-06-11 16:32:39,598:INFO - django.utils.autoreload autoreload.py (line 668. Watching for file changes with StatReloader)
2024-06-11 16:32:51,879:INFO - django.utils.autoreload autoreload.py (line 266. /app/apps/playlists/views.py changed, reloading.)
2024-06-11 16:32:57,062:INFO - django.utils.autoreload autoreload.py (line 668. Watching for file changes with StatReloader)
2024-06-11 16:33:04,158:INFO - django.utils.autoreload autoreload.py (line 266. /app/apps/playlists/views.py changed, reloading.)
2024-06-11 16:33:08,696:INFO - django.utils.autoreload autoreload.py (line 668. Watching for file changes with StatReloader)
2024-06-11 16:38:15,008:INFO - django.utils.autoreload autoreload.py (line 266. /app/apps/playlists/views.py changed, reloading.)
2024-06-11 16:38:21,058:INFO - django.utils.autoreload autoreload.py (line 668. Watching for file changes with StatReloader)
2024-06-11 16:38:28,959:INFO - django.utils.autoreload autoreload.py (line 266. /app/apps/playlists/views.py changed, reloading.)
2024-06-11 16:38:33,535:INFO - django.utils.autoreload autoreload.py (line 668. Watching for file changes with StatReloader)
2024-06-11 16:39:12,641:WARNING - django.request log.py (line 241. Bad Request: /api/v1/playlists/animelist/animes/)
2024-06-11 16:41:10,803:INFO - django.utils.autoreload autoreload.py (line 266. /app/apps/playlists/models.py changed, reloading.)
2024-06-11 16:41:15,779:INFO - django.utils.autoreload autoreload.py (line 668. Watching for file changes with StatReloader)
2024-06-11 16:44:29,891:INFO - django.utils.autoreload autoreload.py (line 266. /app/apps/playlists/models.py changed, reloading.)
2024-06-11 16:44:36,253:INFO - django.utils.autoreload autoreload.py (line 668. Watching for file changes with StatReloader)
2024-06-11 16:44:43,675:INFO - django.utils.autoreload autoreload.py (line 266. /app/apps/playlists/models.py changed, reloading.)
2024-06-11 16:44:49,046:INFO - django.utils.autoreload autoreload.py (line 668. Watching for file changes with StatReloader)
2024-06-11 16:44:58,045:INFO - django.utils.autoreload autoreload.py (line 266. /app/apps/playlists/models.py changed, reloading.)
2024-06-11 16:45:04,236:INFO - django.utils.autoreload autoreload.py (line 668. Watching for file changes with StatReloader)
2024-06-11 16:46:38,271:WARNING - django.request log.py (line 241. Bad Request: /api/v1/playlists/animelist/animes/)
2024-06-11 16:46:40,012:WARNING - django.request log.py (line 241. Bad Request: /api/v1/playlists/animelist/animes/)
2024-06-11 16:46:58,444:ERROR - django.request log.py (line 241. Internal Server Error: /api/v1/playlists/animelist/animes/)
Traceback (most recent call last):
  File "/usr/local/lib/python3.12/site-packages/django/db/models/fields/__init__.py", line 2747, in to_python
    return uuid.UUID(**{input_form: value})
           ^^^^^^^^^^^^^^^^^^^^^^^^^^^^^^^^
  File "/usr/local/lib/python3.12/uuid.py", line 178, in __init__
    raise ValueError('badly formed hexadecimal UUID string')
ValueError: badly formed hexadecimal UUID string

During handling of the above exception, another exception occurred:

Traceback (most recent call last):
  File "/usr/local/lib/python3.12/site-packages/django/core/handlers/exception.py", line 55, in inner
    response = get_response(request)
               ^^^^^^^^^^^^^^^^^^^^^
  File "/usr/local/lib/python3.12/site-packages/django/core/handlers/base.py", line 197, in _get_response
    response = wrapped_callback(request, *callback_args, **callback_kwargs)
               ^^^^^^^^^^^^^^^^^^^^^^^^^^^^^^^^^^^^^^^^^^^^^^^^^^^^^^^^^^^^
  File "/usr/local/lib/python3.12/site-packages/django/views/decorators/csrf.py", line 65, in _view_wrapper
    return view_func(request, *args, **kwargs)
           ^^^^^^^^^^^^^^^^^^^^^^^^^^^^^^^^^^^
  File "/usr/local/lib/python3.12/site-packages/django/views/generic/base.py", line 104, in view
    return self.dispatch(request, *args, **kwargs)
           ^^^^^^^^^^^^^^^^^^^^^^^^^^^^^^^^^^^^^^^
  File "/usr/local/lib/python3.12/site-packages/rest_framework/views.py", line 509, in dispatch
    response = self.handle_exception(exc)
               ^^^^^^^^^^^^^^^^^^^^^^^^^^
  File "/usr/local/lib/python3.12/site-packages/rest_framework/views.py", line 469, in handle_exception
    self.raise_uncaught_exception(exc)
  File "/usr/local/lib/python3.12/site-packages/rest_framework/views.py", line 480, in raise_uncaught_exception
    raise exc
  File "/usr/local/lib/python3.12/site-packages/rest_framework/views.py", line 506, in dispatch
    response = handler(request, *args, **kwargs)
               ^^^^^^^^^^^^^^^^^^^^^^^^^^^^^^^^^
  File "/app/apps/playlists/views.py", line 99, in post
    anime = get_object_or_404(Anime, id=anime_id)
            ^^^^^^^^^^^^^^^^^^^^^^^^^^^^^^^^^^^^^
  File "/usr/local/lib/python3.12/site-packages/django/shortcuts.py", line 85, in get_object_or_404
    return queryset.get(*args, **kwargs)
           ^^^^^^^^^^^^^^^^^^^^^^^^^^^^^
  File "/usr/local/lib/python3.12/site-packages/django/db/models/query.py", line 633, in get
    clone = self._chain() if self.query.combinator else self.filter(*args, **kwargs)
                                                        ^^^^^^^^^^^^^^^^^^^^^^^^^^^^
  File "/usr/local/lib/python3.12/site-packages/django/db/models/query.py", line 1476, in filter
    return self._filter_or_exclude(False, args, kwargs)
           ^^^^^^^^^^^^^^^^^^^^^^^^^^^^^^^^^^^^^^^^^^^^
  File "/usr/local/lib/python3.12/site-packages/django/db/models/query.py", line 1494, in _filter_or_exclude
    clone._filter_or_exclude_inplace(negate, args, kwargs)
  File "/usr/local/lib/python3.12/site-packages/django/db/models/query.py", line 1501, in _filter_or_exclude_inplace
    self._query.add_q(Q(*args, **kwargs))
  File "/usr/local/lib/python3.12/site-packages/django/db/models/sql/query.py", line 1602, in add_q
    clause, _ = self._add_q(q_object, self.used_aliases)
                ^^^^^^^^^^^^^^^^^^^^^^^^^^^^^^^^^^^^^^^^
  File "/usr/local/lib/python3.12/site-packages/django/db/models/sql/query.py", line 1634, in _add_q
    child_clause, needed_inner = self.build_filter(
                                 ^^^^^^^^^^^^^^^^^^
  File "/usr/local/lib/python3.12/site-packages/django/db/models/sql/query.py", line 1548, in build_filter
    condition = self.build_lookup(lookups, col, value)
                ^^^^^^^^^^^^^^^^^^^^^^^^^^^^^^^^^^^^^^
  File "/usr/local/lib/python3.12/site-packages/django/db/models/sql/query.py", line 1378, in build_lookup
    lookup = lookup_class(lhs, rhs)
             ^^^^^^^^^^^^^^^^^^^^^^
  File "/usr/local/lib/python3.12/site-packages/django/db/models/lookups.py", line 30, in __init__
    self.rhs = self.get_prep_lookup()
               ^^^^^^^^^^^^^^^^^^^^^^
  File "/usr/local/lib/python3.12/site-packages/django/db/models/lookups.py", line 362, in get_prep_lookup
    return super().get_prep_lookup()
           ^^^^^^^^^^^^^^^^^^^^^^^^^
  File "/usr/local/lib/python3.12/site-packages/django/db/models/lookups.py", line 88, in get_prep_lookup
    return self.lhs.output_field.get_prep_value(self.rhs)
           ^^^^^^^^^^^^^^^^^^^^^^^^^^^^^^^^^^^^^^^^^^^^^^
  File "/usr/local/lib/python3.12/site-packages/django/db/models/fields/__init__.py", line 2731, in get_prep_value
    return self.to_python(value)
           ^^^^^^^^^^^^^^^^^^^^^
  File "/usr/local/lib/python3.12/site-packages/django/db/models/fields/__init__.py", line 2749, in to_python
    raise exceptions.ValidationError(
django.core.exceptions.ValidationError: ['“c051ea9c-b39d-4946-a5cf-2659a295” is not a valid UUID.']
2024-06-11 16:48:05,323:INFO - django.utils.autoreload autoreload.py (line 266. /app/apps/playlists/views.py changed, reloading.)
2024-06-11 16:48:10,766:INFO - django.utils.autoreload autoreload.py (line 668. Watching for file changes with StatReloader)
2024-06-11 16:48:15,695:INFO - django.utils.autoreload autoreload.py (line 266. /app/apps/playlists/views.py changed, reloading.)
2024-06-11 16:48:20,895:INFO - django.utils.autoreload autoreload.py (line 668. Watching for file changes with StatReloader)
2024-06-11 16:48:43,863:INFO - django.utils.autoreload autoreload.py (line 266. /app/apps/playlists/views.py changed, reloading.)
2024-06-11 16:48:49,214:INFO - django.utils.autoreload autoreload.py (line 668. Watching for file changes with StatReloader)
2024-06-11 16:49:33,875:ERROR - django.request log.py (line 241. Internal Server Error: /api/v1/playlists/animelist/animes/)
Traceback (most recent call last):
  File "/usr/local/lib/python3.12/site-packages/django/db/models/fields/__init__.py", line 2747, in to_python
    return uuid.UUID(**{input_form: value})
           ^^^^^^^^^^^^^^^^^^^^^^^^^^^^^^^^
  File "/usr/local/lib/python3.12/uuid.py", line 178, in __init__
    raise ValueError('badly formed hexadecimal UUID string')
ValueError: badly formed hexadecimal UUID string

During handling of the above exception, another exception occurred:

Traceback (most recent call last):
  File "/usr/local/lib/python3.12/site-packages/django/core/handlers/exception.py", line 55, in inner
    response = get_response(request)
               ^^^^^^^^^^^^^^^^^^^^^
  File "/usr/local/lib/python3.12/site-packages/django/core/handlers/base.py", line 197, in _get_response
    response = wrapped_callback(request, *callback_args, **callback_kwargs)
               ^^^^^^^^^^^^^^^^^^^^^^^^^^^^^^^^^^^^^^^^^^^^^^^^^^^^^^^^^^^^
  File "/usr/local/lib/python3.12/site-packages/django/views/decorators/csrf.py", line 65, in _view_wrapper
    return view_func(request, *args, **kwargs)
           ^^^^^^^^^^^^^^^^^^^^^^^^^^^^^^^^^^^
  File "/usr/local/lib/python3.12/site-packages/django/views/generic/base.py", line 104, in view
    return self.dispatch(request, *args, **kwargs)
           ^^^^^^^^^^^^^^^^^^^^^^^^^^^^^^^^^^^^^^^
  File "/usr/local/lib/python3.12/site-packages/rest_framework/views.py", line 509, in dispatch
    response = self.handle_exception(exc)
               ^^^^^^^^^^^^^^^^^^^^^^^^^^
  File "/usr/local/lib/python3.12/site-packages/rest_framework/views.py", line 469, in handle_exception
    self.raise_uncaught_exception(exc)
  File "/usr/local/lib/python3.12/site-packages/rest_framework/views.py", line 480, in raise_uncaught_exception
    raise exc
  File "/usr/local/lib/python3.12/site-packages/rest_framework/views.py", line 506, in dispatch
    response = handler(request, *args, **kwargs)
               ^^^^^^^^^^^^^^^^^^^^^^^^^^^^^^^^^
  File "/app/apps/playlists/views.py", line 99, in post
    anime = get_object_or_404(Anime, id=anime_id)
            ^^^^^^^^^^^^^^^^^^^^^^^^^^^^^^^^^^^^^
  File "/usr/local/lib/python3.12/site-packages/django/shortcuts.py", line 85, in get_object_or_404
    return queryset.get(*args, **kwargs)
           ^^^^^^^^^^^^^^^^^^^^^^^^^^^^^
  File "/usr/local/lib/python3.12/site-packages/django/db/models/query.py", line 633, in get
    clone = self._chain() if self.query.combinator else self.filter(*args, **kwargs)
                                                        ^^^^^^^^^^^^^^^^^^^^^^^^^^^^
  File "/usr/local/lib/python3.12/site-packages/django/db/models/query.py", line 1476, in filter
    return self._filter_or_exclude(False, args, kwargs)
           ^^^^^^^^^^^^^^^^^^^^^^^^^^^^^^^^^^^^^^^^^^^^
  File "/usr/local/lib/python3.12/site-packages/django/db/models/query.py", line 1494, in _filter_or_exclude
    clone._filter_or_exclude_inplace(negate, args, kwargs)
  File "/usr/local/lib/python3.12/site-packages/django/db/models/query.py", line 1501, in _filter_or_exclude_inplace
    self._query.add_q(Q(*args, **kwargs))
  File "/usr/local/lib/python3.12/site-packages/django/db/models/sql/query.py", line 1602, in add_q
    clause, _ = self._add_q(q_object, self.used_aliases)
                ^^^^^^^^^^^^^^^^^^^^^^^^^^^^^^^^^^^^^^^^
  File "/usr/local/lib/python3.12/site-packages/django/db/models/sql/query.py", line 1634, in _add_q
    child_clause, needed_inner = self.build_filter(
                                 ^^^^^^^^^^^^^^^^^^
  File "/usr/local/lib/python3.12/site-packages/django/db/models/sql/query.py", line 1548, in build_filter
    condition = self.build_lookup(lookups, col, value)
                ^^^^^^^^^^^^^^^^^^^^^^^^^^^^^^^^^^^^^^
  File "/usr/local/lib/python3.12/site-packages/django/db/models/sql/query.py", line 1378, in build_lookup
    lookup = lookup_class(lhs, rhs)
             ^^^^^^^^^^^^^^^^^^^^^^
  File "/usr/local/lib/python3.12/site-packages/django/db/models/lookups.py", line 30, in __init__
    self.rhs = self.get_prep_lookup()
               ^^^^^^^^^^^^^^^^^^^^^^
  File "/usr/local/lib/python3.12/site-packages/django/db/models/lookups.py", line 362, in get_prep_lookup
    return super().get_prep_lookup()
           ^^^^^^^^^^^^^^^^^^^^^^^^^
  File "/usr/local/lib/python3.12/site-packages/django/db/models/lookups.py", line 88, in get_prep_lookup
    return self.lhs.output_field.get_prep_value(self.rhs)
           ^^^^^^^^^^^^^^^^^^^^^^^^^^^^^^^^^^^^^^^^^^^^^^
  File "/usr/local/lib/python3.12/site-packages/django/db/models/fields/__init__.py", line 2731, in get_prep_value
    return self.to_python(value)
           ^^^^^^^^^^^^^^^^^^^^^
  File "/usr/local/lib/python3.12/site-packages/django/db/models/fields/__init__.py", line 2749, in to_python
    raise exceptions.ValidationError(
django.core.exceptions.ValidationError: ['“c051ea9c-b39d-4946-a5cf-2659a295” is not a valid UUID.']
2024-06-11 16:49:48,225:INFO - django.utils.autoreload autoreload.py (line 266. /app/apps/playlists/views.py changed, reloading.)
2024-06-11 16:49:52,763:INFO - django.utils.autoreload autoreload.py (line 668. Watching for file changes with StatReloader)
2024-06-11 16:50:01,541:INFO - django.utils.autoreload autoreload.py (line 266. /app/apps/playlists/views.py changed, reloading.)
2024-06-11 16:50:07,262:INFO - django.utils.autoreload autoreload.py (line 668. Watching for file changes with StatReloader)
2024-06-11 16:50:10,230:ERROR - django.request log.py (line 241. Internal Server Error: /api/v1/playlists/animelist/animes/)
2024-06-11 16:50:12,558:ERROR - django.request log.py (line 241. Internal Server Error: /api/v1/playlists/animelist/animes/)
2024-06-11 16:51:21,167:INFO - django.utils.autoreload autoreload.py (line 266. /app/apps/playlists/views.py changed, reloading.)
2024-06-11 16:51:26,137:INFO - django.utils.autoreload autoreload.py (line 668. Watching for file changes with StatReloader)
2024-06-11 16:51:30,045:WARNING - django.request log.py (line 241. Bad Request: /api/v1/playlists/animelist/animes/)
2024-06-11 16:51:31,535:WARNING - django.request log.py (line 241. Bad Request: /api/v1/playlists/animelist/animes/)
2024-06-11 16:52:03,136:INFO - django.utils.autoreload autoreload.py (line 266. /app/apps/playlists/views.py changed, reloading.)
2024-06-11 16:52:09,167:INFO - django.utils.autoreload autoreload.py (line 668. Watching for file changes with StatReloader)
2024-06-11 16:52:43,756:INFO - django.utils.autoreload autoreload.py (line 266. /app/apps/playlists/views.py changed, reloading.)
2024-06-11 16:52:47,695:INFO - django.utils.autoreload autoreload.py (line 668. Watching for file changes with StatReloader)
2024-06-11 16:53:12,813:INFO - django.utils.autoreload autoreload.py (line 266. /app/apps/playlists/views.py changed, reloading.)
2024-06-11 16:53:17,014:INFO - django.utils.autoreload autoreload.py (line 668. Watching for file changes with StatReloader)
2024-06-11 16:53:23,410:WARNING - django.request log.py (line 241. Bad Request: /api/v1/playlists/animelist/animes/)
2024-06-11 16:53:24,735:WARNING - django.request log.py (line 241. Bad Request: /api/v1/playlists/animelist/animes/)
2024-06-11 16:53:25,968:WARNING - django.request log.py (line 241. Bad Request: /api/v1/playlists/animelist/animes/)
2024-06-11 16:53:40,218:INFO - django.utils.autoreload autoreload.py (line 266. /app/apps/playlists/views.py changed, reloading.)
2024-06-11 16:53:44,185:INFO - django.utils.autoreload autoreload.py (line 668. Watching for file changes with StatReloader)
2024-06-11 16:53:47,612:WARNING - django.request log.py (line 241. Bad Request: /api/v1/playlists/animelist/animes/)
2024-06-11 16:53:49,022:WARNING - django.request log.py (line 241. Bad Request: /api/v1/playlists/animelist/animes/)
2024-06-11 17:00:29,940:INFO - django.utils.autoreload autoreload.py (line 266. /app/apps/playlists/views.py changed, reloading.)
2024-06-11 17:00:33,809:INFO - django.utils.autoreload autoreload.py (line 668. Watching for file changes with StatReloader)
2024-06-11 17:00:39,130:INFO - django.utils.autoreload autoreload.py (line 266. /app/apps/playlists/views.py changed, reloading.)
2024-06-11 17:00:44,571:INFO - django.utils.autoreload autoreload.py (line 668. Watching for file changes with StatReloader)
2024-06-11 17:00:50,770:ERROR - django.request log.py (line 241. Internal Server Error: /api/v1/playlists/animelist/animes/)
2024-06-11 17:00:52,808:ERROR - django.request log.py (line 241. Internal Server Error: /api/v1/playlists/animelist/animes/)
2024-06-11 17:00:54,161:ERROR - django.request log.py (line 241. Internal Server Error: /api/v1/playlists/animelist/animes/)
2024-06-11 17:00:55,563:ERROR - django.request log.py (line 241. Internal Server Error: /api/v1/playlists/animelist/animes/)
2024-06-11 17:01:04,671:INFO - django.utils.autoreload autoreload.py (line 266. /app/apps/playlists/views.py changed, reloading.)
2024-06-11 17:01:09,177:INFO - django.utils.autoreload autoreload.py (line 668. Watching for file changes with StatReloader)
2024-06-11 17:01:34,345:WARNING - django.request log.py (line 241. Bad Request: /api/v1/playlists/animelist/animes/)
2024-06-11 17:02:40,089:WARNING - django.request log.py (line 241. Bad Request: /api/v1/playlists/animelist/animes/)
2024-06-11 17:02:48,758:WARNING - django.request log.py (line 241. Not Found: /api/v1/playlists/animelist/animes/5fbdc382-234f-4846-a94a-d607f002ac0f/)
2024-06-11 17:04:43,387:INFO - django.utils.autoreload autoreload.py (line 266. /app/apps/playlists/views.py changed, reloading.)
2024-06-11 17:04:48,011:INFO - django.utils.autoreload autoreload.py (line 668. Watching for file changes with StatReloader)
2024-06-11 17:04:52,409:INFO - django.utils.autoreload autoreload.py (line 266. /app/apps/playlists/views.py changed, reloading.)
2024-06-11 17:04:56,677:INFO - django.utils.autoreload autoreload.py (line 668. Watching for file changes with StatReloader)
2024-06-11 17:05:33,293:INFO - django.utils.autoreload autoreload.py (line 266. /app/apps/playlists/views.py changed, reloading.)
2024-06-11 17:05:37,424:INFO - django.utils.autoreload autoreload.py (line 668. Watching for file changes with StatReloader)
2024-06-11 17:05:42,306:INFO - django.utils.autoreload autoreload.py (line 266. /app/apps/playlists/views.py changed, reloading.)
2024-06-11 17:05:46,112:INFO - django.utils.autoreload autoreload.py (line 668. Watching for file changes with StatReloader)
2024-06-11 17:24:22,582:INFO - django.utils.autoreload autoreload.py (line 266. /app/apps/playlists/views.py changed, reloading.)
2024-06-11 17:24:25,978:INFO - django.utils.autoreload autoreload.py (line 668. Watching for file changes with StatReloader)
2024-06-11 17:24:30,900:INFO - django.utils.autoreload autoreload.py (line 266. /app/apps/playlists/views.py changed, reloading.)
2024-06-11 17:24:33,987:INFO - django.utils.autoreload autoreload.py (line 668. Watching for file changes with StatReloader)
2024-06-11 17:25:46,572:INFO - django.utils.autoreload autoreload.py (line 266. /app/apps/playlists/views.py changed, reloading.)
2024-06-11 17:25:50,355:INFO - django.utils.autoreload autoreload.py (line 668. Watching for file changes with StatReloader)
2024-06-11 17:26:36,608:INFO - django.utils.autoreload autoreload.py (line 266. /app/apps/playlists/views.py changed, reloading.)
2024-06-11 17:26:40,196:INFO - django.utils.autoreload autoreload.py (line 668. Watching for file changes with StatReloader)
2024-06-11 17:27:03,475:INFO - django.utils.autoreload autoreload.py (line 266. /app/apps/playlists/views.py changed, reloading.)
2024-06-11 17:27:08,285:INFO - django.utils.autoreload autoreload.py (line 668. Watching for file changes with StatReloader)
2024-06-11 17:27:15,588:INFO - django.utils.autoreload autoreload.py (line 266. /app/apps/playlists/views.py changed, reloading.)
2024-06-11 17:27:20,449:INFO - django.utils.autoreload autoreload.py (line 668. Watching for file changes with StatReloader)
2024-06-11 17:27:27,569:INFO - django.utils.autoreload autoreload.py (line 266. /app/apps/playlists/views.py changed, reloading.)
2024-06-11 17:27:32,620:INFO - django.utils.autoreload autoreload.py (line 668. Watching for file changes with StatReloader)
2024-06-11 17:27:39,425:INFO - django.utils.autoreload autoreload.py (line 266. /app/apps/playlists/views.py changed, reloading.)
2024-06-11 17:27:44,045:INFO - django.utils.autoreload autoreload.py (line 668. Watching for file changes with StatReloader)
2024-06-11 17:27:58,161:INFO - django.utils.autoreload autoreload.py (line 266. /app/apps/playlists/views.py changed, reloading.)
2024-06-11 17:28:01,723:INFO - django.utils.autoreload autoreload.py (line 668. Watching for file changes with StatReloader)
2024-06-11 17:28:27,357:INFO - django.utils.autoreload autoreload.py (line 266. /app/apps/playlists/views.py changed, reloading.)
2024-06-11 17:28:32,058:INFO - django.utils.autoreload autoreload.py (line 668. Watching for file changes with StatReloader)
2024-06-11 17:28:39,957:INFO - django.utils.autoreload autoreload.py (line 266. /app/apps/playlists/views.py changed, reloading.)
2024-06-11 17:28:43,847:INFO - django.utils.autoreload autoreload.py (line 668. Watching for file changes with StatReloader)
2024-06-11 17:28:50,338:INFO - django.utils.autoreload autoreload.py (line 266. /app/apps/playlists/views.py changed, reloading.)
2024-06-11 17:28:54,250:INFO - django.utils.autoreload autoreload.py (line 668. Watching for file changes with StatReloader)
2024-06-11 17:29:11,008:INFO - django.utils.autoreload autoreload.py (line 266. /app/apps/playlists/views.py changed, reloading.)
2024-06-11 17:29:15,464:INFO - django.utils.autoreload autoreload.py (line 668. Watching for file changes with StatReloader)
2024-06-11 17:29:22,969:INFO - django.utils.autoreload autoreload.py (line 266. /app/apps/playlists/views.py changed, reloading.)
2024-06-11 17:29:27,765:INFO - django.utils.autoreload autoreload.py (line 668. Watching for file changes with StatReloader)
2024-06-11 17:29:48,434:INFO - django.utils.autoreload autoreload.py (line 266. /app/apps/playlists/views.py changed, reloading.)
2024-06-11 17:29:51,877:INFO - django.utils.autoreload autoreload.py (line 668. Watching for file changes with StatReloader)
2024-06-11 17:30:03,919:INFO - django.utils.autoreload autoreload.py (line 266. /app/apps/playlists/views.py changed, reloading.)
2024-06-11 17:30:09,105:INFO - django.utils.autoreload autoreload.py (line 668. Watching for file changes with StatReloader)
2024-06-11 17:30:16,085:INFO - django.utils.autoreload autoreload.py (line 266. /app/apps/playlists/views.py changed, reloading.)
2024-06-11 17:30:20,797:INFO - django.utils.autoreload autoreload.py (line 668. Watching for file changes with StatReloader)
2024-06-11 17:30:24,436:INFO - django.utils.autoreload autoreload.py (line 266. /app/apps/playlists/views.py changed, reloading.)
2024-06-11 17:30:29,196:INFO - django.utils.autoreload autoreload.py (line 668. Watching for file changes with StatReloader)
2024-06-11 17:30:41,584:INFO - django.utils.autoreload autoreload.py (line 266. /app/apps/playlists/views.py changed, reloading.)
2024-06-11 17:30:45,755:INFO - django.utils.autoreload autoreload.py (line 668. Watching for file changes with StatReloader)
2024-06-11 17:30:52,840:INFO - django.utils.autoreload autoreload.py (line 266. /app/apps/playlists/views.py changed, reloading.)
2024-06-11 17:30:57,673:INFO - django.utils.autoreload autoreload.py (line 668. Watching for file changes with StatReloader)
2024-06-11 17:31:06,724:INFO - django.utils.autoreload autoreload.py (line 266. /app/apps/playlists/views.py changed, reloading.)
2024-06-11 17:31:11,456:INFO - django.utils.autoreload autoreload.py (line 668. Watching for file changes with StatReloader)
2024-06-11 17:32:05,770:INFO - django.utils.autoreload autoreload.py (line 266. /app/apps/playlists/urls.py changed, reloading.)
2024-06-11 17:32:09,674:INFO - django.utils.autoreload autoreload.py (line 668. Watching for file changes with StatReloader)
2024-06-11 17:32:15,919:INFO - django.utils.autoreload autoreload.py (line 266. /app/apps/playlists/urls.py changed, reloading.)
2024-06-11 17:32:20,342:INFO - django.utils.autoreload autoreload.py (line 668. Watching for file changes with StatReloader)
2024-06-11 17:32:26,399:INFO - django.utils.autoreload autoreload.py (line 266. /app/apps/playlists/urls.py changed, reloading.)
2024-06-11 17:32:31,413:INFO - django.utils.autoreload autoreload.py (line 668. Watching for file changes with StatReloader)
2024-06-11 17:32:39,909:INFO - django.utils.autoreload autoreload.py (line 266. /app/apps/playlists/urls.py changed, reloading.)
2024-06-11 17:32:44,038:INFO - django.utils.autoreload autoreload.py (line 668. Watching for file changes with StatReloader)
2024-06-11 17:32:51,149:INFO - django.utils.autoreload autoreload.py (line 266. /app/apps/playlists/urls.py changed, reloading.)
2024-06-11 17:32:55,861:INFO - django.utils.autoreload autoreload.py (line 668. Watching for file changes with StatReloader)
2024-06-11 17:33:45,897:ERROR - django.request log.py (line 241. Internal Server Error: /api/v1/playlists/mangalist/)
Traceback (most recent call last):
  File "/usr/local/lib/python3.12/site-packages/django/core/handlers/exception.py", line 55, in inner
    response = get_response(request)
               ^^^^^^^^^^^^^^^^^^^^^
  File "/usr/local/lib/python3.12/site-packages/django/core/handlers/base.py", line 197, in _get_response
    response = wrapped_callback(request, *callback_args, **callback_kwargs)
               ^^^^^^^^^^^^^^^^^^^^^^^^^^^^^^^^^^^^^^^^^^^^^^^^^^^^^^^^^^^^
  File "/usr/local/lib/python3.12/site-packages/django/views/decorators/csrf.py", line 65, in _view_wrapper
    return view_func(request, *args, **kwargs)
           ^^^^^^^^^^^^^^^^^^^^^^^^^^^^^^^^^^^
  File "/usr/local/lib/python3.12/site-packages/django/views/generic/base.py", line 104, in view
    return self.dispatch(request, *args, **kwargs)
           ^^^^^^^^^^^^^^^^^^^^^^^^^^^^^^^^^^^^^^^
  File "/usr/local/lib/python3.12/site-packages/rest_framework/views.py", line 509, in dispatch
    response = self.handle_exception(exc)
               ^^^^^^^^^^^^^^^^^^^^^^^^^^
  File "/usr/local/lib/python3.12/site-packages/rest_framework/views.py", line 469, in handle_exception
    self.raise_uncaught_exception(exc)
  File "/usr/local/lib/python3.12/site-packages/rest_framework/views.py", line 480, in raise_uncaught_exception
    raise exc
  File "/usr/local/lib/python3.12/site-packages/rest_framework/views.py", line 506, in dispatch
    response = handler(request, *args, **kwargs)
               ^^^^^^^^^^^^^^^^^^^^^^^^^^^^^^^^^
  File "/app/apps/playlists/views.py", line 180, in get
    mangalist = self.get_queryset()
                ^^^^^^^^^^^^^^^^^^^
  File "/app/apps/playlists/views.py", line 176, in get_queryset
    return MangaList.objects.get(user=self.request.user)
           ^^^^^^^^^^^^^^^^^^^^^^^^^^^^^^^^^^^^^^^^^^^^^
  File "/usr/local/lib/python3.12/site-packages/django/db/models/manager.py", line 87, in manager_method
    return getattr(self.get_queryset(), name)(*args, **kwargs)
           ^^^^^^^^^^^^^^^^^^^^^^^^^^^^^^^^^^^^^^^^^^^^^^^^^^^
  File "/usr/local/lib/python3.12/site-packages/django/db/models/query.py", line 647, in get
    raise self.model.DoesNotExist(
apps.playlists.models.MangaList.DoesNotExist: MangaList matching query does not exist.
2024-06-11 17:35:46,622:INFO - django.utils.autoreload autoreload.py (line 266. /app/apps/playlists/views.py changed, reloading.)
2024-06-11 17:35:49,783:INFO - django.utils.autoreload autoreload.py (line 668. Watching for file changes with StatReloader)
2024-06-11 17:35:55,623:ERROR - django.request log.py (line 241. Internal Server Error: /api/v1/playlists/mangalist/)
Traceback (most recent call last):
  File "/usr/local/lib/python3.12/site-packages/django/core/handlers/exception.py", line 55, in inner
    response = get_response(request)
               ^^^^^^^^^^^^^^^^^^^^^
  File "/usr/local/lib/python3.12/site-packages/django/core/handlers/base.py", line 197, in _get_response
    response = wrapped_callback(request, *callback_args, **callback_kwargs)
               ^^^^^^^^^^^^^^^^^^^^^^^^^^^^^^^^^^^^^^^^^^^^^^^^^^^^^^^^^^^^
  File "/usr/local/lib/python3.12/site-packages/django/views/decorators/csrf.py", line 65, in _view_wrapper
    return view_func(request, *args, **kwargs)
           ^^^^^^^^^^^^^^^^^^^^^^^^^^^^^^^^^^^
  File "/usr/local/lib/python3.12/site-packages/django/views/generic/base.py", line 104, in view
    return self.dispatch(request, *args, **kwargs)
           ^^^^^^^^^^^^^^^^^^^^^^^^^^^^^^^^^^^^^^^
  File "/usr/local/lib/python3.12/site-packages/rest_framework/views.py", line 509, in dispatch
    response = self.handle_exception(exc)
               ^^^^^^^^^^^^^^^^^^^^^^^^^^
  File "/usr/local/lib/python3.12/site-packages/rest_framework/views.py", line 469, in handle_exception
    self.raise_uncaught_exception(exc)
  File "/usr/local/lib/python3.12/site-packages/rest_framework/views.py", line 480, in raise_uncaught_exception
    raise exc
  File "/usr/local/lib/python3.12/site-packages/rest_framework/views.py", line 506, in dispatch
    response = handler(request, *args, **kwargs)
               ^^^^^^^^^^^^^^^^^^^^^^^^^^^^^^^^^
  File "/app/apps/playlists/views.py", line 180, in get
    mangalist = self.get_queryset()
                ^^^^^^^^^^^^^^^^^^^
  File "/app/apps/playlists/views.py", line 176, in get_queryset
    return MangaList.objects.get(user=self.request.user)
           ^^^^^^^^^^^^^^^^^^^^^^^^^^^^^^^^^^^^^^^^^^^^^
  File "/usr/local/lib/python3.12/site-packages/django/db/models/manager.py", line 87, in manager_method
    return getattr(self.get_queryset(), name)(*args, **kwargs)
           ^^^^^^^^^^^^^^^^^^^^^^^^^^^^^^^^^^^^^^^^^^^^^^^^^^^
  File "/usr/local/lib/python3.12/site-packages/django/db/models/query.py", line 647, in get
    raise self.model.DoesNotExist(
apps.playlists.models.MangaList.DoesNotExist: MangaList matching query does not exist.
2024-06-11 17:36:54,873:INFO - django.utils.autoreload autoreload.py (line 266. /app/apps/playlists/views.py changed, reloading.)
2024-06-11 17:36:58,262:INFO - django.utils.autoreload autoreload.py (line 668. Watching for file changes with StatReloader)
2024-06-11 17:37:03,391:INFO - django.utils.autoreload autoreload.py (line 266. /app/apps/playlists/views.py changed, reloading.)
2024-06-11 17:37:06,570:INFO - django.utils.autoreload autoreload.py (line 668. Watching for file changes with StatReloader)
2024-06-11 17:37:41,725:INFO - django.utils.autoreload autoreload.py (line 266. /app/apps/playlists/views.py changed, reloading.)
2024-06-11 17:37:46,252:INFO - django.utils.autoreload autoreload.py (line 668. Watching for file changes with StatReloader)
2024-06-11 17:37:58,051:INFO - django.utils.autoreload autoreload.py (line 266. /app/apps/playlists/views.py changed, reloading.)
2024-06-11 17:38:03,364:INFO - django.utils.autoreload autoreload.py (line 668. Watching for file changes with StatReloader)
2024-06-11 17:38:10,432:INFO - django.utils.autoreload autoreload.py (line 266. /app/apps/playlists/views.py changed, reloading.)
2024-06-11 17:38:15,357:INFO - django.utils.autoreload autoreload.py (line 668. Watching for file changes with StatReloader)
2024-06-11 17:38:41,635:INFO - django.utils.autoreload autoreload.py (line 266. /app/apps/playlists/views.py changed, reloading.)
2024-06-11 17:38:45,533:INFO - django.utils.autoreload autoreload.py (line 668. Watching for file changes with StatReloader)
2024-06-11 17:38:52,879:INFO - django.utils.autoreload autoreload.py (line 266. /app/apps/playlists/views.py changed, reloading.)
2024-06-11 17:38:58,722:INFO - django.utils.autoreload autoreload.py (line 668. Watching for file changes with StatReloader)
2024-06-11 17:39:53,695:INFO - django.utils.autoreload autoreload.py (line 266. /app/apps/playlists/views.py changed, reloading.)
2024-06-11 17:39:57,847:INFO - django.utils.autoreload autoreload.py (line 668. Watching for file changes with StatReloader)
2024-06-11 17:40:01,772:INFO - django.utils.autoreload autoreload.py (line 266. /app/apps/playlists/views.py changed, reloading.)
2024-06-11 17:40:06,264:INFO - django.utils.autoreload autoreload.py (line 668. Watching for file changes with StatReloader)
2024-06-11 17:41:06,910:INFO - django.utils.autoreload autoreload.py (line 266. /app/apps/playlists/views.py changed, reloading.)
2024-06-11 17:41:10,801:INFO - django.utils.autoreload autoreload.py (line 668. Watching for file changes with StatReloader)
2024-06-11 17:43:03,502:WARNING - django.request log.py (line 241. Not Found: /api/v1/playlists/mangalist/mangas/)
2024-06-11 17:43:22,318:INFO - django.utils.autoreload autoreload.py (line 266. /app/apps/playlists/views.py changed, reloading.)
2024-06-11 17:43:27,797:INFO - django.utils.autoreload autoreload.py (line 668. Watching for file changes with StatReloader)
2024-06-11 17:43:35,574:INFO - django.utils.autoreload autoreload.py (line 266. /app/apps/playlists/views.py changed, reloading.)
2024-06-11 17:43:42,533:INFO - django.utils.autoreload autoreload.py (line 668. Watching for file changes with StatReloader)
2024-06-11 17:45:06,445:INFO - django.utils.autoreload autoreload.py (line 266. /app/apps/playlists/views.py changed, reloading.)
2024-06-11 17:45:12,371:INFO - django.utils.autoreload autoreload.py (line 668. Watching for file changes with StatReloader)
2024-06-11 17:45:20,054:INFO - django.utils.autoreload autoreload.py (line 266. /app/apps/playlists/views.py changed, reloading.)
2024-06-11 17:45:24,995:INFO - django.utils.autoreload autoreload.py (line 668. Watching for file changes with StatReloader)
2024-06-11 17:45:34,383:INFO - django.utils.autoreload autoreload.py (line 266. /app/apps/playlists/views.py changed, reloading.)
2024-06-11 17:45:38,710:INFO - django.utils.autoreload autoreload.py (line 668. Watching for file changes with StatReloader)
2024-06-11 17:46:11,511:INFO - django.utils.autoreload autoreload.py (line 266. /app/apps/playlists/views.py changed, reloading.)
2024-06-11 17:46:16,310:INFO - django.utils.autoreload autoreload.py (line 668. Watching for file changes with StatReloader)
2024-06-11 17:46:26,414:INFO - django.utils.autoreload autoreload.py (line 266. /app/apps/playlists/views.py changed, reloading.)
2024-06-11 17:46:31,722:INFO - django.utils.autoreload autoreload.py (line 668. Watching for file changes with StatReloader)
2024-06-11 17:46:42,185:INFO - django.utils.autoreload autoreload.py (line 266. /app/apps/playlists/views.py changed, reloading.)
2024-06-11 17:46:46,968:INFO - django.utils.autoreload autoreload.py (line 668. Watching for file changes with StatReloader)
2024-06-11 17:48:37,195:INFO - django.utils.autoreload autoreload.py (line 266. /app/apps/playlists/views.py changed, reloading.)
2024-06-11 17:48:40,464:INFO - django.utils.autoreload autoreload.py (line 668. Watching for file changes with StatReloader)
2024-06-11 17:49:25,928:INFO - django.utils.autoreload autoreload.py (line 266. /app/apps/playlists/views.py changed, reloading.)
2024-06-11 17:49:30,758:INFO - django.utils.autoreload autoreload.py (line 668. Watching for file changes with StatReloader)
2024-06-11 17:50:06,532:INFO - django.utils.autoreload autoreload.py (line 266. /app/apps/playlists/views.py changed, reloading.)
2024-06-11 17:50:10,225:INFO - django.utils.autoreload autoreload.py (line 668. Watching for file changes with StatReloader)
2024-06-11 17:50:16,944:INFO - django.utils.autoreload autoreload.py (line 266. /app/apps/playlists/views.py changed, reloading.)
2024-06-11 17:50:21,824:INFO - django.utils.autoreload autoreload.py (line 668. Watching for file changes with StatReloader)
2024-06-11 17:50:30,328:INFO - django.utils.autoreload autoreload.py (line 266. /app/apps/playlists/views.py changed, reloading.)
2024-06-11 17:50:35,154:INFO - django.utils.autoreload autoreload.py (line 668. Watching for file changes with StatReloader)
2024-06-11 17:50:44,221:INFO - django.utils.autoreload autoreload.py (line 266. /app/apps/playlists/views.py changed, reloading.)
2024-06-11 17:50:47,587:INFO - django.utils.autoreload autoreload.py (line 668. Watching for file changes with StatReloader)
2024-06-11 17:50:55,236:INFO - django.utils.autoreload autoreload.py (line 266. /app/apps/playlists/views.py changed, reloading.)
2024-06-11 17:50:59,362:INFO - django.utils.autoreload autoreload.py (line 668. Watching for file changes with StatReloader)
2024-06-11 17:51:06,068:INFO - django.utils.autoreload autoreload.py (line 266. /app/apps/playlists/views.py changed, reloading.)
2024-06-11 17:51:10,874:INFO - django.utils.autoreload autoreload.py (line 668. Watching for file changes with StatReloader)
2024-06-11 17:51:18,654:INFO - django.utils.autoreload autoreload.py (line 266. /app/apps/playlists/views.py changed, reloading.)
2024-06-11 17:51:23,025:INFO - django.utils.autoreload autoreload.py (line 668. Watching for file changes with StatReloader)
2024-06-11 17:51:29,625:INFO - django.utils.autoreload autoreload.py (line 266. /app/apps/playlists/views.py changed, reloading.)
2024-06-11 17:51:33,928:INFO - django.utils.autoreload autoreload.py (line 668. Watching for file changes with StatReloader)
2024-06-11 17:51:40,493:INFO - django.utils.autoreload autoreload.py (line 266. /app/apps/playlists/views.py changed, reloading.)
2024-06-11 17:51:44,769:INFO - django.utils.autoreload autoreload.py (line 668. Watching for file changes with StatReloader)
2024-06-11 17:51:52,801:INFO - django.utils.autoreload autoreload.py (line 266. /app/apps/playlists/views.py changed, reloading.)
2024-06-11 17:51:57,306:INFO - django.utils.autoreload autoreload.py (line 668. Watching for file changes with StatReloader)
2024-06-11 17:52:23,368:INFO - django.utils.autoreload autoreload.py (line 266. /app/apps/playlists/views.py changed, reloading.)
2024-06-11 17:52:28,399:INFO - django.utils.autoreload autoreload.py (line 668. Watching for file changes with StatReloader)
2024-06-11 17:52:44,086:INFO - django.utils.autoreload autoreload.py (line 266. /app/apps/playlists/views.py changed, reloading.)
2024-06-11 17:52:48,571:INFO - django.utils.autoreload autoreload.py (line 668. Watching for file changes with StatReloader)
2024-06-11 17:52:56,818:INFO - django.utils.autoreload autoreload.py (line 266. /app/apps/playlists/views.py changed, reloading.)
2024-06-11 17:53:01,037:INFO - django.utils.autoreload autoreload.py (line 668. Watching for file changes with StatReloader)
2024-06-11 17:53:35,323:WARNING - django.request log.py (line 241. Not Found: /api/v1/playlists/mangalist/mangas/)
2024-06-11 17:53:54,323:INFO - django.utils.autoreload autoreload.py (line 266. /app/apps/playlists/urls.py changed, reloading.)
2024-06-11 17:53:58,313:INFO - django.utils.autoreload autoreload.py (line 668. Watching for file changes with StatReloader)
2024-06-11 17:54:05,238:INFO - django.utils.autoreload autoreload.py (line 266. /app/apps/playlists/urls.py changed, reloading.)
2024-06-11 17:54:10,095:INFO - django.utils.autoreload autoreload.py (line 668. Watching for file changes with StatReloader)
2024-06-11 17:54:13,841:INFO - django.utils.autoreload autoreload.py (line 266. /app/apps/playlists/urls.py changed, reloading.)
2024-06-11 17:54:17,954:INFO - django.utils.autoreload autoreload.py (line 668. Watching for file changes with StatReloader)
2024-06-11 17:54:24,315:INFO - django.utils.autoreload autoreload.py (line 266. /app/apps/playlists/urls.py changed, reloading.)
2024-06-11 17:54:27,995:INFO - django.utils.autoreload autoreload.py (line 668. Watching for file changes with StatReloader)
2024-06-11 17:54:31,843:ERROR - django.request log.py (line 241. Internal Server Error: /api/v1/playlists/mangalist/mangas/)
Traceback (most recent call last):
  File "/usr/local/lib/python3.12/site-packages/django/core/handlers/exception.py", line 55, in inner
    response = get_response(request)
               ^^^^^^^^^^^^^^^^^^^^^
  File "/usr/local/lib/python3.12/site-packages/django/core/handlers/base.py", line 197, in _get_response
    response = wrapped_callback(request, *callback_args, **callback_kwargs)
               ^^^^^^^^^^^^^^^^^^^^^^^^^^^^^^^^^^^^^^^^^^^^^^^^^^^^^^^^^^^^
  File "/usr/local/lib/python3.12/site-packages/django/views/decorators/csrf.py", line 65, in _view_wrapper
    return view_func(request, *args, **kwargs)
           ^^^^^^^^^^^^^^^^^^^^^^^^^^^^^^^^^^^
  File "/usr/local/lib/python3.12/site-packages/django/views/generic/base.py", line 104, in view
    return self.dispatch(request, *args, **kwargs)
           ^^^^^^^^^^^^^^^^^^^^^^^^^^^^^^^^^^^^^^^
  File "/usr/local/lib/python3.12/site-packages/rest_framework/views.py", line 509, in dispatch
    response = self.handle_exception(exc)
               ^^^^^^^^^^^^^^^^^^^^^^^^^^
  File "/usr/local/lib/python3.12/site-packages/rest_framework/views.py", line 469, in handle_exception
    self.raise_uncaught_exception(exc)
  File "/usr/local/lib/python3.12/site-packages/rest_framework/views.py", line 480, in raise_uncaught_exception
    raise exc
  File "/usr/local/lib/python3.12/site-packages/rest_framework/views.py", line 506, in dispatch
    response = handler(request, *args, **kwargs)
               ^^^^^^^^^^^^^^^^^^^^^^^^^^^^^^^^^
  File "/app/apps/playlists/views.py", line 231, in get
    items = AnimeListItem.objects.filter(mangalist_id=mangalist, is_available=True)
            ^^^^^^^^^^^^^^^^^^^^^^^^^^^^^^^^^^^^^^^^^^^^^^^^^^^^^^^^^^^^^^^^^^^^^^^
  File "/usr/local/lib/python3.12/site-packages/django/db/models/manager.py", line 87, in manager_method
    return getattr(self.get_queryset(), name)(*args, **kwargs)
           ^^^^^^^^^^^^^^^^^^^^^^^^^^^^^^^^^^^^^^^^^^^^^^^^^^^
  File "/usr/local/lib/python3.12/site-packages/django/db/models/query.py", line 1476, in filter
    return self._filter_or_exclude(False, args, kwargs)
           ^^^^^^^^^^^^^^^^^^^^^^^^^^^^^^^^^^^^^^^^^^^^
  File "/usr/local/lib/python3.12/site-packages/django/db/models/query.py", line 1494, in _filter_or_exclude
    clone._filter_or_exclude_inplace(negate, args, kwargs)
  File "/usr/local/lib/python3.12/site-packages/django/db/models/query.py", line 1501, in _filter_or_exclude_inplace
    self._query.add_q(Q(*args, **kwargs))
  File "/usr/local/lib/python3.12/site-packages/django/db/models/sql/query.py", line 1602, in add_q
    clause, _ = self._add_q(q_object, self.used_aliases)
                ^^^^^^^^^^^^^^^^^^^^^^^^^^^^^^^^^^^^^^^^
  File "/usr/local/lib/python3.12/site-packages/django/db/models/sql/query.py", line 1634, in _add_q
    child_clause, needed_inner = self.build_filter(
                                 ^^^^^^^^^^^^^^^^^^
  File "/usr/local/lib/python3.12/site-packages/django/db/models/sql/query.py", line 1484, in build_filter
    lookups, parts, reffed_expression = self.solve_lookup_type(arg, summarize)
                                        ^^^^^^^^^^^^^^^^^^^^^^^^^^^^^^^^^^^^^^
  File "/usr/local/lib/python3.12/site-packages/django/db/models/sql/query.py", line 1296, in solve_lookup_type
    _, field, _, lookup_parts = self.names_to_path(lookup_splitted, self.get_meta())
                                ^^^^^^^^^^^^^^^^^^^^^^^^^^^^^^^^^^^^^^^^^^^^^^^^^^^^
  File "/usr/local/lib/python3.12/site-packages/django/db/models/sql/query.py", line 1761, in names_to_path
    raise FieldError(
django.core.exceptions.FieldError: Cannot resolve keyword 'mangalist_id' into field. Choices are: anime_id, anime_id_id, animelist_id, animelist_id_id, created_at, episodes_watched, finish_date, id, is_available, is_favorite, is_watched, notes, order, priority, score, start_date, status, storage, tags, times_rewatched, updated_at
2024-06-11 17:55:05,323:ERROR - django.request log.py (line 241. Internal Server Error: /api/v1/playlists/mangalist/mangas/)
Traceback (most recent call last):
  File "/usr/local/lib/python3.12/site-packages/django/core/handlers/exception.py", line 55, in inner
    response = get_response(request)
               ^^^^^^^^^^^^^^^^^^^^^
  File "/usr/local/lib/python3.12/site-packages/django/core/handlers/base.py", line 197, in _get_response
    response = wrapped_callback(request, *callback_args, **callback_kwargs)
               ^^^^^^^^^^^^^^^^^^^^^^^^^^^^^^^^^^^^^^^^^^^^^^^^^^^^^^^^^^^^
  File "/usr/local/lib/python3.12/site-packages/django/views/decorators/csrf.py", line 65, in _view_wrapper
    return view_func(request, *args, **kwargs)
           ^^^^^^^^^^^^^^^^^^^^^^^^^^^^^^^^^^^
  File "/usr/local/lib/python3.12/site-packages/django/views/generic/base.py", line 104, in view
    return self.dispatch(request, *args, **kwargs)
           ^^^^^^^^^^^^^^^^^^^^^^^^^^^^^^^^^^^^^^^
  File "/usr/local/lib/python3.12/site-packages/rest_framework/views.py", line 509, in dispatch
    response = self.handle_exception(exc)
               ^^^^^^^^^^^^^^^^^^^^^^^^^^
  File "/usr/local/lib/python3.12/site-packages/rest_framework/views.py", line 469, in handle_exception
    self.raise_uncaught_exception(exc)
  File "/usr/local/lib/python3.12/site-packages/rest_framework/views.py", line 480, in raise_uncaught_exception
    raise exc
  File "/usr/local/lib/python3.12/site-packages/rest_framework/views.py", line 506, in dispatch
    response = handler(request, *args, **kwargs)
               ^^^^^^^^^^^^^^^^^^^^^^^^^^^^^^^^^
  File "/app/apps/playlists/views.py", line 231, in get
    items = AnimeListItem.objects.filter(mangalist_id=mangalist, is_available=True)
            ^^^^^^^^^^^^^^^^^^^^^^^^^^^^^^^^^^^^^^^^^^^^^^^^^^^^^^^^^^^^^^^^^^^^^^^
  File "/usr/local/lib/python3.12/site-packages/django/db/models/manager.py", line 87, in manager_method
    return getattr(self.get_queryset(), name)(*args, **kwargs)
           ^^^^^^^^^^^^^^^^^^^^^^^^^^^^^^^^^^^^^^^^^^^^^^^^^^^
  File "/usr/local/lib/python3.12/site-packages/django/db/models/query.py", line 1476, in filter
    return self._filter_or_exclude(False, args, kwargs)
           ^^^^^^^^^^^^^^^^^^^^^^^^^^^^^^^^^^^^^^^^^^^^
  File "/usr/local/lib/python3.12/site-packages/django/db/models/query.py", line 1494, in _filter_or_exclude
    clone._filter_or_exclude_inplace(negate, args, kwargs)
  File "/usr/local/lib/python3.12/site-packages/django/db/models/query.py", line 1501, in _filter_or_exclude_inplace
    self._query.add_q(Q(*args, **kwargs))
  File "/usr/local/lib/python3.12/site-packages/django/db/models/sql/query.py", line 1602, in add_q
    clause, _ = self._add_q(q_object, self.used_aliases)
                ^^^^^^^^^^^^^^^^^^^^^^^^^^^^^^^^^^^^^^^^
  File "/usr/local/lib/python3.12/site-packages/django/db/models/sql/query.py", line 1634, in _add_q
    child_clause, needed_inner = self.build_filter(
                                 ^^^^^^^^^^^^^^^^^^
  File "/usr/local/lib/python3.12/site-packages/django/db/models/sql/query.py", line 1484, in build_filter
    lookups, parts, reffed_expression = self.solve_lookup_type(arg, summarize)
                                        ^^^^^^^^^^^^^^^^^^^^^^^^^^^^^^^^^^^^^^
  File "/usr/local/lib/python3.12/site-packages/django/db/models/sql/query.py", line 1296, in solve_lookup_type
    _, field, _, lookup_parts = self.names_to_path(lookup_splitted, self.get_meta())
                                ^^^^^^^^^^^^^^^^^^^^^^^^^^^^^^^^^^^^^^^^^^^^^^^^^^^^
  File "/usr/local/lib/python3.12/site-packages/django/db/models/sql/query.py", line 1761, in names_to_path
    raise FieldError(
django.core.exceptions.FieldError: Cannot resolve keyword 'mangalist_id' into field. Choices are: anime_id, anime_id_id, animelist_id, animelist_id_id, created_at, episodes_watched, finish_date, id, is_available, is_favorite, is_watched, notes, order, priority, score, start_date, status, storage, tags, times_rewatched, updated_at
2024-06-11 17:55:08,410:ERROR - django.request log.py (line 241. Internal Server Error: /api/v1/playlists/mangalist/mangas/)
Traceback (most recent call last):
  File "/usr/local/lib/python3.12/site-packages/django/core/handlers/exception.py", line 55, in inner
    response = get_response(request)
               ^^^^^^^^^^^^^^^^^^^^^
  File "/usr/local/lib/python3.12/site-packages/django/core/handlers/base.py", line 197, in _get_response
    response = wrapped_callback(request, *callback_args, **callback_kwargs)
               ^^^^^^^^^^^^^^^^^^^^^^^^^^^^^^^^^^^^^^^^^^^^^^^^^^^^^^^^^^^^
  File "/usr/local/lib/python3.12/site-packages/django/views/decorators/csrf.py", line 65, in _view_wrapper
    return view_func(request, *args, **kwargs)
           ^^^^^^^^^^^^^^^^^^^^^^^^^^^^^^^^^^^
  File "/usr/local/lib/python3.12/site-packages/django/views/generic/base.py", line 104, in view
    return self.dispatch(request, *args, **kwargs)
           ^^^^^^^^^^^^^^^^^^^^^^^^^^^^^^^^^^^^^^^
  File "/usr/local/lib/python3.12/site-packages/rest_framework/views.py", line 509, in dispatch
    response = self.handle_exception(exc)
               ^^^^^^^^^^^^^^^^^^^^^^^^^^
  File "/usr/local/lib/python3.12/site-packages/rest_framework/views.py", line 469, in handle_exception
    self.raise_uncaught_exception(exc)
  File "/usr/local/lib/python3.12/site-packages/rest_framework/views.py", line 480, in raise_uncaught_exception
    raise exc
  File "/usr/local/lib/python3.12/site-packages/rest_framework/views.py", line 506, in dispatch
    response = handler(request, *args, **kwargs)
               ^^^^^^^^^^^^^^^^^^^^^^^^^^^^^^^^^
  File "/app/apps/playlists/views.py", line 231, in get
    items = AnimeListItem.objects.filter(mangalist_id=mangalist, is_available=True)
            ^^^^^^^^^^^^^^^^^^^^^^^^^^^^^^^^^^^^^^^^^^^^^^^^^^^^^^^^^^^^^^^^^^^^^^^
  File "/usr/local/lib/python3.12/site-packages/django/db/models/manager.py", line 87, in manager_method
    return getattr(self.get_queryset(), name)(*args, **kwargs)
           ^^^^^^^^^^^^^^^^^^^^^^^^^^^^^^^^^^^^^^^^^^^^^^^^^^^
  File "/usr/local/lib/python3.12/site-packages/django/db/models/query.py", line 1476, in filter
    return self._filter_or_exclude(False, args, kwargs)
           ^^^^^^^^^^^^^^^^^^^^^^^^^^^^^^^^^^^^^^^^^^^^
  File "/usr/local/lib/python3.12/site-packages/django/db/models/query.py", line 1494, in _filter_or_exclude
    clone._filter_or_exclude_inplace(negate, args, kwargs)
  File "/usr/local/lib/python3.12/site-packages/django/db/models/query.py", line 1501, in _filter_or_exclude_inplace
    self._query.add_q(Q(*args, **kwargs))
  File "/usr/local/lib/python3.12/site-packages/django/db/models/sql/query.py", line 1602, in add_q
    clause, _ = self._add_q(q_object, self.used_aliases)
                ^^^^^^^^^^^^^^^^^^^^^^^^^^^^^^^^^^^^^^^^
  File "/usr/local/lib/python3.12/site-packages/django/db/models/sql/query.py", line 1634, in _add_q
    child_clause, needed_inner = self.build_filter(
                                 ^^^^^^^^^^^^^^^^^^
  File "/usr/local/lib/python3.12/site-packages/django/db/models/sql/query.py", line 1484, in build_filter
    lookups, parts, reffed_expression = self.solve_lookup_type(arg, summarize)
                                        ^^^^^^^^^^^^^^^^^^^^^^^^^^^^^^^^^^^^^^
  File "/usr/local/lib/python3.12/site-packages/django/db/models/sql/query.py", line 1296, in solve_lookup_type
    _, field, _, lookup_parts = self.names_to_path(lookup_splitted, self.get_meta())
                                ^^^^^^^^^^^^^^^^^^^^^^^^^^^^^^^^^^^^^^^^^^^^^^^^^^^^
  File "/usr/local/lib/python3.12/site-packages/django/db/models/sql/query.py", line 1761, in names_to_path
    raise FieldError(
django.core.exceptions.FieldError: Cannot resolve keyword 'mangalist_id' into field. Choices are: anime_id, anime_id_id, animelist_id, animelist_id_id, created_at, episodes_watched, finish_date, id, is_available, is_favorite, is_watched, notes, order, priority, score, start_date, status, storage, tags, times_rewatched, updated_at
2024-06-11 17:55:43,507:INFO - django.utils.autoreload autoreload.py (line 266. /app/apps/playlists/views.py changed, reloading.)
2024-06-11 17:55:48,440:INFO - django.utils.autoreload autoreload.py (line 668. Watching for file changes with StatReloader)
2024-06-11 17:56:33,355:WARNING - django.request log.py (line 241. Bad Request: /api/v1/playlists/animelist/animes/)
2024-06-11 17:56:57,529:WARNING - django.request log.py (line 241. Bad Request: /api/v1/playlists/mangalist/mangas/)
2024-06-11 17:57:42,080:INFO - django.utils.autoreload autoreload.py (line 266. /app/apps/playlists/views.py changed, reloading.)
2024-06-11 17:57:45,413:INFO - django.utils.autoreload autoreload.py (line 668. Watching for file changes with StatReloader)
2024-06-11 18:15:35,627:ERROR - django.request log.py (line 241. Internal Server Error: /api/v1/playlists/mangalist/mangas/)
2024-06-11 18:15:50,999:ERROR - django.request log.py (line 241. Internal Server Error: /api/v1/playlists/mangalist/mangas/)
2024-06-11 18:16:10,470:INFO - django.utils.autoreload autoreload.py (line 266. /app/apps/playlists/views.py changed, reloading.)
2024-06-11 18:16:15,312:INFO - django.utils.autoreload autoreload.py (line 668. Watching for file changes with StatReloader)
2024-06-11 18:16:23,009:INFO - django.utils.autoreload autoreload.py (line 266. /app/apps/playlists/views.py changed, reloading.)
2024-06-11 18:16:27,385:INFO - django.utils.autoreload autoreload.py (line 668. Watching for file changes with StatReloader)
2024-06-11 18:16:36,469:INFO - django.utils.autoreload autoreload.py (line 266. /app/apps/playlists/views.py changed, reloading.)
2024-06-11 18:16:40,757:INFO - django.utils.autoreload autoreload.py (line 668. Watching for file changes with StatReloader)
2024-06-11 18:19:15,889:INFO - django.utils.autoreload autoreload.py (line 266. /app/apps/playlists/views.py changed, reloading.)
2024-06-11 18:19:21,549:INFO - django.utils.autoreload autoreload.py (line 668. Watching for file changes with StatReloader)
2024-06-11 18:19:28,193:INFO - django.utils.autoreload autoreload.py (line 266. /app/apps/playlists/views.py changed, reloading.)
2024-06-11 18:19:33,312:INFO - django.utils.autoreload autoreload.py (line 668. Watching for file changes with StatReloader)
2024-06-11 18:19:40,250:INFO - django.utils.autoreload autoreload.py (line 266. /app/apps/playlists/views.py changed, reloading.)
2024-06-11 18:19:44,709:INFO - django.utils.autoreload autoreload.py (line 668. Watching for file changes with StatReloader)
2024-06-11 18:19:51,416:INFO - django.utils.autoreload autoreload.py (line 266. /app/apps/playlists/views.py changed, reloading.)
2024-06-11 18:19:56,036:INFO - django.utils.autoreload autoreload.py (line 668. Watching for file changes with StatReloader)
2024-06-11 18:20:02,263:INFO - django.utils.autoreload autoreload.py (line 266. /app/apps/playlists/views.py changed, reloading.)
2024-06-11 18:20:06,396:INFO - django.utils.autoreload autoreload.py (line 668. Watching for file changes with StatReloader)
2024-06-11 18:20:14,639:INFO - django.utils.autoreload autoreload.py (line 266. /app/apps/playlists/views.py changed, reloading.)
2024-06-11 18:20:20,084:INFO - django.utils.autoreload autoreload.py (line 668. Watching for file changes with StatReloader)
2024-06-11 18:20:27,590:INFO - django.utils.autoreload autoreload.py (line 266. /app/apps/playlists/views.py changed, reloading.)
2024-06-11 18:20:31,688:INFO - django.utils.autoreload autoreload.py (line 668. Watching for file changes with StatReloader)
2024-06-11 18:20:43,736:INFO - django.utils.autoreload autoreload.py (line 266. /app/apps/playlists/views.py changed, reloading.)
2024-06-11 18:20:47,375:INFO - django.utils.autoreload autoreload.py (line 668. Watching for file changes with StatReloader)
2024-06-11 18:23:01,667:WARNING - django.request log.py (line 241. Not Found: /api/v1/playlists/animelist/animes/ba834e1c-ec18-403b-9771-c357cbdbc2b9/)
2024-06-11 18:23:03,300:WARNING - django.request log.py (line 241. Not Found: /api/v1/playlists/animelist/animes/ba834e1c-ec18-403b-9771-c357cbdbc2b9/)
2024-06-11 18:23:32,268:WARNING - django.request log.py (line 241. Not Found: /api/v1/playlists/animelist/animes/ba834e1c-ec18-403b-9771-c357cbdbc2b9/)
2024-06-11 18:23:33,443:WARNING - django.request log.py (line 241. Not Found: /api/v1/playlists/animelist/animes/ba834e1c-ec18-403b-9771-c357cbdbc2b9/)
2024-06-11 18:23:56,149:INFO - django.utils.autoreload autoreload.py (line 266. /app/apps/playlists/urls.py changed, reloading.)
2024-06-11 18:23:59,972:INFO - django.utils.autoreload autoreload.py (line 668. Watching for file changes with StatReloader)
2024-06-11 18:24:13,857:INFO - django.utils.autoreload autoreload.py (line 266. /app/apps/playlists/urls.py changed, reloading.)
2024-06-11 18:24:18,376:INFO - django.utils.autoreload autoreload.py (line 668. Watching for file changes with StatReloader)
2024-06-11 18:24:22,257:INFO - django.utils.autoreload autoreload.py (line 266. /app/apps/playlists/urls.py changed, reloading.)
2024-06-11 18:24:27,766:INFO - django.utils.autoreload autoreload.py (line 668. Watching for file changes with StatReloader)
2024-06-11 18:24:36,462:INFO - django.utils.autoreload autoreload.py (line 266. /app/apps/playlists/urls.py changed, reloading.)
2024-06-11 18:24:40,405:INFO - django.utils.autoreload autoreload.py (line 668. Watching for file changes with StatReloader)
